2025-07-08 22:36:28.403 [main] INFO  com.globalsqa.bank.tests.ManagerTests - Browser initialized and navigated to: https://www.globalsqa.com/angularJs-protractor/BankingProject/#/login
2025-07-08 22:36:29.053 [main] INFO  com.globalsqa.bank.tests.ManagerTests - Closing browser...
2025-07-08 22:36:29.193 [main] INFO  com.globalsqa.bank.tests.ManagerTests - Test teardown complete.
2025-07-08 22:36:29.955 [main] INFO  com.globalsqa.bank.tests.ManagerTests - Browser initialized and navigated to: https://www.globalsqa.com/angularJs-protractor/BankingProject/#/login
2025-07-08 22:36:31.157 [main] INFO  com.globalsqa.bank.tests.ManagerTests - Closing browser...
2025-07-08 22:36:31.300 [main] INFO  com.globalsqa.bank.tests.ManagerTests - Test teardown complete.
2025-07-08 22:36:32.022 [main] INFO  com.globalsqa.bank.tests.ManagerTests - Browser initialized and navigated to: https://www.globalsqa.com/angularJs-protractor/BankingProject/#/login
2025-07-08 22:36:33.558 [main] INFO  com.globalsqa.bank.tests.ManagerTests - Closing browser...
2025-07-08 22:36:33.713 [main] INFO  com.globalsqa.bank.tests.ManagerTests - Test teardown complete.
2025-07-08 22:36:34.464 [main] INFO  com.globalsqa.bank.tests.ManagerTests - Browser initialized and navigated to: https://www.globalsqa.com/angularJs-protractor/BankingProject/#/login
2025-07-08 22:36:36.334 [main] INFO  com.globalsqa.bank.tests.ManagerTests - Closing browser...
2025-07-08 22:36:36.480 [main] INFO  com.globalsqa.bank.tests.ManagerTests - Test teardown complete.
2025-07-08 22:36:37.199 [main] INFO  com.globalsqa.bank.tests.ManagerTests - Browser initialized and navigated to: https://www.globalsqa.com/angularJs-protractor/BankingProject/#/login
2025-07-08 22:36:39.289 [main] INFO  com.globalsqa.bank.tests.ManagerTests - Closing browser...
2025-07-08 22:36:39.441 [main] INFO  com.globalsqa.bank.tests.ManagerTests - Test teardown complete.
2025-07-08 22:36:40.128 [main] INFO  com.globalsqa.bank.tests.ManagerTests - Browser initialized and navigated to: https://www.globalsqa.com/angularJs-protractor/BankingProject/#/login
2025-07-08 22:36:41.124 [main] INFO  com.globalsqa.bank.tests.ManagerTests - Closing browser...
2025-07-08 22:36:41.262 [main] INFO  com.globalsqa.bank.tests.ManagerTests - Test teardown complete.
2025-07-08 22:52:39.115 [TestNG-tests-1] INFO  com.globalsqa.bank.tests.ManagerTests - Closing browser...
2025-07-08 22:52:39.265 [TestNG-tests-1] INFO  com.globalsqa.bank.tests.ManagerTests - Test teardown complete.
2025-07-08 22:52:39.587 [TestNG-tests-2] INFO  com.globalsqa.bank.tests.CustomerLoginTests - Browser initialized and navigated to: https://www.globalsqa.com/angularJs-protractor/BankingProject/#/login
2025-07-08 22:52:39.638 [TestNG-tests-2] INFO  com.globalsqa.bank.tests.CustomerLoginTests - Closing browser...
2025-07-08 22:52:39.875 [TestNG-tests-2] INFO  com.globalsqa.bank.tests.CustomerLoginTests - Test teardown complete.
2025-07-08 22:52:40.790 [TestNG-tests-1] INFO  com.globalsqa.bank.tests.ManagerTests - Closing browser...
2025-07-08 22:52:40.921 [TestNG-tests-1] INFO  com.globalsqa.bank.tests.ManagerTests - Test teardown complete.
2025-07-08 22:52:41.677 [TestNG-tests-2] INFO  com.globalsqa.bank.tests.CustomerLoginTests - Browser initialized and navigated to: https://www.globalsqa.com/angularJs-protractor/BankingProject/#/login
2025-07-08 22:52:41.680 [TestNG-tests-2] INFO  com.globalsqa.bank.tests.CustomerLoginTests - Starting test: testCustomerDeposit for customer null
2025-07-08 22:52:41.942 [TestNG-tests-2] INFO  com.globalsqa.bank.tests.CustomerLoginTests - Entered deposit amount: 100
2025-07-08 22:52:42.024 [TestNG-tests-2] INFO  com.globalsqa.bank.tests.CustomerLoginTests - Clicked Deposit submit button.
2025-07-08 22:52:42.061 [TestNG-tests-2] INFO  com.globalsqa.bank.tests.CustomerLoginTests - Deposit status message received: Deposit Successful
2025-07-08 22:52:42.061 [TestNG-tests-2] INFO  com.globalsqa.bank.tests.CustomerLoginTests - Deposit successful for customer null
2025-07-08 22:52:42.085 [TestNG-tests-2] INFO  com.globalsqa.bank.tests.CustomerLoginTests - Current balance after deposit: 100
2025-07-08 22:52:42.085 [TestNG-tests-2] INFO  com.globalsqa.bank.tests.CustomerLoginTests - Finished test: testCustomerDeposit
2025-07-08 22:52:42.086 [TestNG-tests-2] INFO  com.globalsqa.bank.tests.CustomerLoginTests - Closing browser...
2025-07-08 22:52:42.210 [TestNG-tests-1] INFO  com.globalsqa.bank.tests.ManagerTests - Closing browser...
2025-07-08 22:52:42.215 [TestNG-tests-2] INFO  com.globalsqa.bank.tests.CustomerLoginTests - Test teardown complete.
2025-07-08 22:52:42.356 [TestNG-tests-1] INFO  com.globalsqa.bank.tests.ManagerTests - Test teardown complete.
2025-07-08 22:52:43.830 [TestNG-tests-1] INFO  com.globalsqa.bank.tests.ManagerTests - Closing browser...
2025-07-08 22:52:43.983 [TestNG-tests-1] INFO  com.globalsqa.bank.tests.ManagerTests - Test teardown complete.
2025-07-08 22:52:44.042 [TestNG-tests-2] INFO  com.globalsqa.bank.tests.CustomerLoginTests - Browser initialized and navigated to: https://www.globalsqa.com/angularJs-protractor/BankingProject/#/login
2025-07-08 22:52:44.043 [TestNG-tests-2] INFO  com.globalsqa.bank.tests.CustomerLoginTests - Starting test: testCustomerDeposit for customer null
2025-07-08 22:52:44.266 [TestNG-tests-2] INFO  com.globalsqa.bank.tests.CustomerLoginTests - Entered deposit amount: 200
2025-07-08 22:52:44.435 [TestNG-tests-2] INFO  com.globalsqa.bank.tests.CustomerLoginTests - Clicked Deposit submit button.
2025-07-08 22:52:44.506 [TestNG-tests-2] INFO  com.globalsqa.bank.tests.CustomerLoginTests - Deposit status message received: Deposit Successful
2025-07-08 22:52:44.792 [TestNG-tests-2] INFO  com.globalsqa.bank.tests.CustomerLoginTests - Entered withdrawl amount: 50
2025-07-08 22:52:44.861 [TestNG-tests-2] INFO  com.globalsqa.bank.tests.CustomerLoginTests - Clicked Withdrawl submit button.
2025-07-08 22:52:44.881 [TestNG-tests-2] INFO  com.globalsqa.bank.tests.CustomerLoginTests - Withdrawl status message received: Transaction successful
2025-07-08 22:52:44.900 [TestNG-tests-2] INFO  com.globalsqa.bank.tests.CustomerLoginTests - Current balance after deposit: 150
2025-07-08 22:52:44.900 [TestNG-tests-2] INFO  com.globalsqa.bank.tests.CustomerLoginTests - Finished test: testCustomerDeposit
2025-07-08 22:52:44.901 [TestNG-tests-2] INFO  com.globalsqa.bank.tests.CustomerLoginTests - Closing browser...
2025-07-08 22:52:45.037 [TestNG-tests-2] INFO  com.globalsqa.bank.tests.CustomerLoginTests - Test teardown complete.
2025-07-08 22:52:45.256 [TestNG-tests-1] INFO  com.globalsqa.bank.tests.ManagerTests - Closing browser...
2025-07-08 22:52:45.427 [TestNG-tests-1] INFO  com.globalsqa.bank.tests.ManagerTests - Test teardown complete.
2025-07-08 22:52:46.925 [TestNG-tests-2] INFO  com.globalsqa.bank.tests.CustomerLoginTests - Browser initialized and navigated to: https://www.globalsqa.com/angularJs-protractor/BankingProject/#/login
2025-07-08 22:52:46.926 [TestNG-tests-2] INFO  com.globalsqa.bank.tests.CustomerLoginTests - Starting test: testCustomerDeposit for customer null
2025-07-08 22:52:46.937 [TestNG-tests-1] INFO  com.globalsqa.bank.tests.ManagerTests - Closing browser...
2025-07-08 22:52:47.089 [TestNG-tests-1] INFO  com.globalsqa.bank.tests.ManagerTests - Test teardown complete.
2025-07-08 22:52:47.189 [TestNG-tests-2] INFO  com.globalsqa.bank.tests.CustomerLoginTests - Entered deposit amount: 150
2025-07-08 22:52:47.263 [TestNG-tests-2] INFO  com.globalsqa.bank.tests.CustomerLoginTests - Clicked Deposit submit button.
2025-07-08 22:52:47.299 [TestNG-tests-2] INFO  com.globalsqa.bank.tests.CustomerLoginTests - Deposit status message received: Deposit Successful
2025-07-08 22:52:47.593 [TestNG-tests-2] INFO  com.globalsqa.bank.tests.CustomerLoginTests - Entered withdrawl amount: 50
2025-07-08 22:52:47.658 [TestNG-tests-2] INFO  com.globalsqa.bank.tests.CustomerLoginTests - Clicked Withdrawl submit button.
2025-07-08 22:52:50.684 [TestNG-tests-2] INFO  com.globalsqa.bank.tests.CustomerLoginTests - Withdrawl status message received: Transaction successful
2025-07-08 22:56:02.752 [TestNG-tests-1] INFO  com.globalsqa.bank.tests.ManagerTests - Closing browser...
2025-07-08 22:56:02.920 [TestNG-tests-1] INFO  com.globalsqa.bank.tests.ManagerTests - Test teardown complete.
2025-07-08 22:56:03.288 [TestNG-tests-2] INFO  com.globalsqa.bank.tests.CustomerLoginTests - Browser initialized and navigated to: https://www.globalsqa.com/angularJs-protractor/BankingProject/#/login
2025-07-08 22:56:03.369 [TestNG-tests-2] INFO  com.globalsqa.bank.tests.CustomerLoginTests - Closing browser...
2025-07-08 22:56:03.574 [TestNG-tests-2] INFO  com.globalsqa.bank.tests.CustomerLoginTests - Test teardown complete.
2025-07-08 22:56:04.446 [TestNG-tests-1] INFO  com.globalsqa.bank.tests.ManagerTests - Closing browser...
2025-07-08 22:56:04.633 [TestNG-tests-1] INFO  com.globalsqa.bank.tests.ManagerTests - Test teardown complete.
2025-07-08 22:56:05.380 [TestNG-tests-2] INFO  com.globalsqa.bank.tests.CustomerLoginTests - Browser initialized and navigated to: https://www.globalsqa.com/angularJs-protractor/BankingProject/#/login
2025-07-08 22:56:05.384 [TestNG-tests-2] INFO  com.globalsqa.bank.tests.CustomerLoginTests - Starting test: testCustomerDeposit for customer null
2025-07-08 22:56:05.650 [TestNG-tests-2] INFO  com.globalsqa.bank.tests.CustomerLoginTests - Entered deposit amount: 100
2025-07-08 22:56:05.745 [TestNG-tests-2] INFO  com.globalsqa.bank.tests.CustomerLoginTests - Clicked Deposit submit button.
2025-07-08 22:56:05.790 [TestNG-tests-2] INFO  com.globalsqa.bank.tests.CustomerLoginTests - Deposit status message received: Deposit Successful
2025-07-08 22:56:05.790 [TestNG-tests-2] INFO  com.globalsqa.bank.tests.CustomerLoginTests - Deposit successful for customer null
2025-07-08 22:56:05.804 [TestNG-tests-2] INFO  com.globalsqa.bank.tests.CustomerLoginTests - Current balance after deposit: 100
2025-07-08 22:56:05.804 [TestNG-tests-2] INFO  com.globalsqa.bank.tests.CustomerLoginTests - Finished test: testCustomerDeposit
2025-07-08 22:56:05.804 [TestNG-tests-2] INFO  com.globalsqa.bank.tests.CustomerLoginTests - Closing browser...
2025-07-08 22:56:05.918 [TestNG-tests-1] INFO  com.globalsqa.bank.tests.ManagerTests - Closing browser...
2025-07-08 22:56:05.966 [TestNG-tests-2] INFO  com.globalsqa.bank.tests.CustomerLoginTests - Test teardown complete.
2025-07-08 22:56:06.062 [TestNG-tests-1] INFO  com.globalsqa.bank.tests.ManagerTests - Test teardown complete.
2025-07-08 22:56:07.529 [TestNG-tests-1] INFO  com.globalsqa.bank.tests.ManagerTests - Closing browser...
2025-07-08 22:56:07.696 [TestNG-tests-1] INFO  com.globalsqa.bank.tests.ManagerTests - Test teardown complete.
2025-07-08 22:56:07.983 [TestNG-tests-2] INFO  com.globalsqa.bank.tests.CustomerLoginTests - Browser initialized and navigated to: https://www.globalsqa.com/angularJs-protractor/BankingProject/#/login
2025-07-08 22:56:07.984 [TestNG-tests-2] INFO  com.globalsqa.bank.tests.CustomerLoginTests - Starting test: testCustomerDeposit for customer null
2025-07-08 22:56:08.337 [TestNG-tests-2] INFO  com.globalsqa.bank.tests.CustomerLoginTests - Entered deposit amount: 200
2025-07-08 22:56:08.413 [TestNG-tests-2] INFO  com.globalsqa.bank.tests.CustomerLoginTests - Clicked Deposit submit button.
2025-07-08 22:56:08.449 [TestNG-tests-2] INFO  com.globalsqa.bank.tests.CustomerLoginTests - Deposit status message received: Deposit Successful
2025-07-08 22:56:08.749 [TestNG-tests-2] INFO  com.globalsqa.bank.tests.CustomerLoginTests - Entered withdrawl amount: 50
2025-07-08 22:56:08.829 [TestNG-tests-2] INFO  com.globalsqa.bank.tests.CustomerLoginTests - Clicked Withdrawl submit button.
2025-07-08 22:56:08.852 [TestNG-tests-2] INFO  com.globalsqa.bank.tests.CustomerLoginTests - Withdrawl status message received: Transaction successful
2025-07-08 22:56:08.873 [TestNG-tests-2] INFO  com.globalsqa.bank.tests.CustomerLoginTests - Current balance after deposit: 150
2025-07-08 22:56:08.873 [TestNG-tests-2] INFO  com.globalsqa.bank.tests.CustomerLoginTests - Finished test: testCustomerDeposit
2025-07-08 22:56:08.874 [TestNG-tests-2] INFO  com.globalsqa.bank.tests.CustomerLoginTests - Closing browser...
2025-07-08 22:56:08.995 [TestNG-tests-2] INFO  com.globalsqa.bank.tests.CustomerLoginTests - Test teardown complete.
2025-07-08 22:56:09.033 [TestNG-tests-1] INFO  com.globalsqa.bank.tests.ManagerTests - Closing browser...
2025-07-08 22:56:09.181 [TestNG-tests-1] INFO  com.globalsqa.bank.tests.ManagerTests - Test teardown complete.
2025-07-08 22:56:10.653 [TestNG-tests-1] INFO  com.globalsqa.bank.tests.ManagerTests - Closing browser...
2025-07-08 22:56:10.810 [TestNG-tests-2] INFO  com.globalsqa.bank.tests.CustomerLoginTests - Browser initialized and navigated to: https://www.globalsqa.com/angularJs-protractor/BankingProject/#/login
2025-07-08 22:56:10.811 [TestNG-tests-2] INFO  com.globalsqa.bank.tests.CustomerLoginTests - Starting test: testCustomerDeposit for customer null
2025-07-08 22:56:10.834 [TestNG-tests-1] INFO  com.globalsqa.bank.tests.ManagerTests - Test teardown complete.
2025-07-08 22:56:11.055 [TestNG-tests-2] INFO  com.globalsqa.bank.tests.CustomerLoginTests - Entered deposit amount: 150
2025-07-08 22:56:11.157 [TestNG-tests-2] INFO  com.globalsqa.bank.tests.CustomerLoginTests - Clicked Deposit submit button.
2025-07-08 22:56:11.198 [TestNG-tests-2] INFO  com.globalsqa.bank.tests.CustomerLoginTests - Deposit status message received: Deposit Successful
2025-07-08 22:56:11.474 [TestNG-tests-2] INFO  com.globalsqa.bank.tests.CustomerLoginTests - Entered withdrawl amount: 50
2025-07-08 22:56:11.551 [TestNG-tests-2] INFO  com.globalsqa.bank.tests.CustomerLoginTests - Clicked Withdrawl submit button.
2025-07-08 22:56:14.572 [TestNG-tests-2] INFO  com.globalsqa.bank.tests.CustomerLoginTests - Withdrawl status message received: Transaction successful
2025-07-08 22:56:20.800 [TestNG-tests-2] INFO  com.globalsqa.bank.tests.CustomerLoginTests - Finished test: testCustomerDeposit
2025-07-08 22:56:20.801 [TestNG-tests-2] INFO  com.globalsqa.bank.tests.CustomerLoginTests - Closing browser...
2025-07-08 22:56:20.957 [TestNG-tests-2] INFO  com.globalsqa.bank.tests.CustomerLoginTests - Test teardown complete.
2025-07-08 22:56:24.037 [TestNG-tests-2] INFO  com.globalsqa.bank.tests.CustomerLoginTests - Browser initialized and navigated to: https://www.globalsqa.com/angularJs-protractor/BankingProject/#/login
2025-07-08 22:56:24.037 [TestNG-tests-2] INFO  com.globalsqa.bank.tests.CustomerLoginTests - Starting test: testCustomerDeposit for customer null
2025-07-08 22:56:24.217 [TestNG-tests-2] INFO  com.globalsqa.bank.tests.CustomerLoginTests - Entered deposit amount: 100
2025-07-08 22:56:24.275 [TestNG-tests-2] INFO  com.globalsqa.bank.tests.CustomerLoginTests - Clicked Deposit submit button.
2025-07-08 22:56:24.309 [TestNG-tests-2] INFO  com.globalsqa.bank.tests.CustomerLoginTests - Deposit status message received: Deposit Successful
2025-07-08 22:56:24.509 [TestNG-tests-2] INFO  com.globalsqa.bank.tests.CustomerLoginTests - Entered withdrawl amount: 20
2025-07-08 22:56:24.560 [TestNG-tests-2] INFO  com.globalsqa.bank.tests.CustomerLoginTests - Clicked Withdrawl submit button.
2025-07-08 22:56:24.576 [TestNG-tests-2] INFO  com.globalsqa.bank.tests.CustomerLoginTests - Withdrawl status message received: Transaction successful
2025-07-08 22:57:07.069 [TestNG-tests-2] INFO  com.globalsqa.bank.tests.CustomerLoginTests - Finished test: testCustomerDeposit
2025-07-08 22:57:07.071 [TestNG-tests-2] INFO  com.globalsqa.bank.tests.CustomerLoginTests - Closing browser...
2025-07-08 22:57:07.234 [TestNG-tests-2] INFO  com.globalsqa.bank.tests.CustomerLoginTests - Test teardown complete.
2025-07-08 23:52:20.891 [TestNG-tests-2] INFO  com.globalsqa.bank.tests.CustomerLoginTests - Closing browser...
2025-07-08 23:52:21.162 [TestNG-tests-2] INFO  com.globalsqa.bank.tests.CustomerLoginTests - Test teardown complete.
2025-07-08 23:52:24.420 [TestNG-tests-2] INFO  com.globalsqa.bank.tests.CustomerLoginTests - Starting test: testCustomerDeposit for customer Merissa Hyatt
2025-07-08 23:52:24.629 [TestNG-tests-2] INFO  com.globalsqa.bank.tests.CustomerLoginTests - Entered deposit amount: 100
2025-07-08 23:52:24.685 [TestNG-tests-2] INFO  com.globalsqa.bank.tests.CustomerLoginTests - Clicked Deposit submit button.
2025-07-08 23:52:24.709 [TestNG-tests-2] INFO  com.globalsqa.bank.tests.CustomerLoginTests - Deposit status message received: Deposit Successful
2025-07-08 23:52:24.710 [TestNG-tests-2] INFO  com.globalsqa.bank.tests.CustomerLoginTests - Deposit successful for customer Merissa Hyatt
2025-07-08 23:52:24.718 [TestNG-tests-2] INFO  com.globalsqa.bank.tests.CustomerLoginTests - Current balance after deposit: 100
2025-07-08 23:52:24.718 [TestNG-tests-2] INFO  com.globalsqa.bank.tests.CustomerLoginTests - Finished test: testCustomerDeposit
2025-07-08 23:52:24.718 [TestNG-tests-2] INFO  com.globalsqa.bank.tests.CustomerLoginTests - Closing browser...
2025-07-08 23:52:24.867 [TestNG-tests-2] INFO  com.globalsqa.bank.tests.CustomerLoginTests - Test teardown complete.
2025-07-08 23:52:27.231 [TestNG-tests-2] INFO  com.globalsqa.bank.tests.CustomerLoginTests - Starting test: testCustomerDeposit for customer Hollie Strosin
2025-07-08 23:52:27.400 [TestNG-tests-2] INFO  com.globalsqa.bank.tests.CustomerLoginTests - Entered deposit amount: 200
2025-07-08 23:52:27.450 [TestNG-tests-2] INFO  com.globalsqa.bank.tests.CustomerLoginTests - Clicked Deposit submit button.
2025-07-08 23:52:27.484 [TestNG-tests-2] INFO  com.globalsqa.bank.tests.CustomerLoginTests - Deposit status message received: Deposit Successful
2025-07-08 23:52:27.703 [TestNG-tests-2] INFO  com.globalsqa.bank.tests.CustomerLoginTests - Entered withdrawl amount: 50
2025-07-08 23:52:27.762 [TestNG-tests-2] INFO  com.globalsqa.bank.tests.CustomerLoginTests - Clicked Withdrawl submit button.
2025-07-08 23:52:27.775 [TestNG-tests-2] INFO  com.globalsqa.bank.tests.CustomerLoginTests - Withdrawl status message received: Transaction successful
2025-07-08 23:52:27.784 [TestNG-tests-2] INFO  com.globalsqa.bank.tests.CustomerLoginTests - Current balance after deposit: 150
2025-07-08 23:52:27.784 [TestNG-tests-2] INFO  com.globalsqa.bank.tests.CustomerLoginTests - Finished test: testCustomerDeposit
2025-07-08 23:52:27.800 [TestNG-tests-2] INFO  com.globalsqa.bank.tests.CustomerLoginTests - Closing browser...
2025-07-08 23:52:27.942 [TestNG-tests-2] INFO  com.globalsqa.bank.tests.CustomerLoginTests - Test teardown complete.
2025-07-08 23:52:30.275 [TestNG-tests-2] INFO  com.globalsqa.bank.tests.CustomerLoginTests - Starting test: testCustomerDeposit for customer Jeniffer Crooks
2025-07-08 23:52:30.444 [TestNG-tests-2] INFO  com.globalsqa.bank.tests.CustomerLoginTests - Entered deposit amount: 150
2025-07-08 23:52:30.494 [TestNG-tests-2] INFO  com.globalsqa.bank.tests.CustomerLoginTests - Clicked Deposit submit button.
2025-07-08 23:52:30.519 [TestNG-tests-2] INFO  com.globalsqa.bank.tests.CustomerLoginTests - Deposit status message received: Deposit Successful
2025-07-08 23:52:30.741 [TestNG-tests-2] INFO  com.globalsqa.bank.tests.CustomerLoginTests - Entered withdrawl amount: 50
2025-07-08 23:52:30.802 [TestNG-tests-2] INFO  com.globalsqa.bank.tests.CustomerLoginTests - Clicked Withdrawl submit button.
2025-07-08 23:52:33.832 [TestNG-tests-2] INFO  com.globalsqa.bank.tests.CustomerLoginTests - Withdrawl status message received: Transaction successful
2025-07-08 23:52:59.962 [TestNG-tests-2] INFO  com.globalsqa.bank.tests.CustomerLoginTests - Closing browser...
2025-07-08 23:53:00.190 [TestNG-tests-2] INFO  com.globalsqa.bank.tests.CustomerLoginTests - Test teardown complete.
2025-07-08 23:53:02.989 [TestNG-tests-2] INFO  com.globalsqa.bank.tests.CustomerLoginTests - Starting test: testCustomerDeposit for customer Steven Cormier
2025-07-08 23:53:03.178 [TestNG-tests-2] INFO  com.globalsqa.bank.tests.CustomerLoginTests - Entered deposit amount: 100
2025-07-08 23:53:03.227 [TestNG-tests-2] INFO  com.globalsqa.bank.tests.CustomerLoginTests - Clicked Deposit submit button.
2025-07-08 23:53:03.263 [TestNG-tests-2] INFO  com.globalsqa.bank.tests.CustomerLoginTests - Deposit status message received: Deposit Successful
2025-07-08 23:53:03.468 [TestNG-tests-2] INFO  com.globalsqa.bank.tests.CustomerLoginTests - Entered withdrawl amount: 20
2025-07-08 23:53:03.519 [TestNG-tests-2] INFO  com.globalsqa.bank.tests.CustomerLoginTests - Clicked Withdrawl submit button.
2025-07-08 23:53:03.546 [TestNG-tests-2] INFO  com.globalsqa.bank.tests.CustomerLoginTests - Withdrawl status message received: Transaction successful
2025-07-08 23:54:03.317 [TestNG-tests-2] INFO  com.globalsqa.bank.tests.CustomerLoginTests - Closing browser...
2025-07-08 23:54:03.491 [TestNG-tests-2] INFO  com.globalsqa.bank.tests.CustomerLoginTests - Test teardown complete.
2025-07-08 23:54:05.869 [TestNG-tests-2] INFO  com.globalsqa.bank.tests.CustomerLoginTests - Starting test: testCustomerDeposit for customer Sherryl Prosacco
2025-07-08 23:54:06.059 [TestNG-tests-2] INFO  com.globalsqa.bank.tests.CustomerLoginTests - Entered deposit amount: 100
2025-07-08 23:54:06.105 [TestNG-tests-2] INFO  com.globalsqa.bank.tests.CustomerLoginTests - Clicked Deposit submit button.
2025-07-08 23:54:06.136 [TestNG-tests-2] INFO  com.globalsqa.bank.tests.CustomerLoginTests - Deposit status message received: Deposit Successful
2025-07-08 23:54:06.136 [TestNG-tests-2] INFO  com.globalsqa.bank.tests.CustomerLoginTests - Deposit successful for customer Sherryl Prosacco
2025-07-08 23:54:06.152 [TestNG-tests-2] INFO  com.globalsqa.bank.tests.CustomerLoginTests - Current balance after deposit: 100
2025-07-08 23:54:06.153 [TestNG-tests-2] INFO  com.globalsqa.bank.tests.CustomerLoginTests - Finished test: testCustomerDeposit
2025-07-08 23:54:06.153 [TestNG-tests-2] INFO  com.globalsqa.bank.tests.CustomerLoginTests - Closing browser...
2025-07-08 23:54:06.284 [TestNG-tests-2] INFO  com.globalsqa.bank.tests.CustomerLoginTests - Test teardown complete.
2025-07-08 23:54:08.883 [TestNG-tests-2] INFO  com.globalsqa.bank.tests.CustomerLoginTests - Starting test: testCustomerDeposit for customer Bryon Jast
2025-07-08 23:54:09.065 [TestNG-tests-2] INFO  com.globalsqa.bank.tests.CustomerLoginTests - Entered deposit amount: 200
2025-07-08 23:54:09.118 [TestNG-tests-2] INFO  com.globalsqa.bank.tests.CustomerLoginTests - Clicked Deposit submit button.
2025-07-08 23:54:09.139 [TestNG-tests-2] INFO  com.globalsqa.bank.tests.CustomerLoginTests - Deposit status message received: Deposit Successful
2025-07-08 23:54:09.369 [TestNG-tests-2] INFO  com.globalsqa.bank.tests.CustomerLoginTests - Entered withdrawl amount: 50
2025-07-08 23:54:09.417 [TestNG-tests-2] INFO  com.globalsqa.bank.tests.CustomerLoginTests - Clicked Withdrawl submit button.
2025-07-08 23:54:09.418 [TestNG-tests-2] INFO  com.globalsqa.bank.tests.CustomerLoginTests - Withdrawl status message received: Transaction successful
2025-07-08 23:54:09.434 [TestNG-tests-2] INFO  com.globalsqa.bank.tests.CustomerLoginTests - Current balance after deposit: 150
2025-07-08 23:54:09.434 [TestNG-tests-2] INFO  com.globalsqa.bank.tests.CustomerLoginTests - Finished test: testCustomerDeposit
2025-07-08 23:54:09.434 [TestNG-tests-2] INFO  com.globalsqa.bank.tests.CustomerLoginTests - Closing browser...
2025-07-08 23:54:09.582 [TestNG-tests-2] INFO  com.globalsqa.bank.tests.CustomerLoginTests - Test teardown complete.
2025-07-08 23:54:12.062 [TestNG-tests-2] INFO  com.globalsqa.bank.tests.CustomerLoginTests - Starting test: testCustomerDeposit for customer Vance Rohan
2025-07-08 23:54:12.219 [TestNG-tests-2] INFO  com.globalsqa.bank.tests.CustomerLoginTests - Entered deposit amount: 150
2025-07-08 23:54:12.266 [TestNG-tests-2] INFO  com.globalsqa.bank.tests.CustomerLoginTests - Clicked Deposit submit button.
2025-07-08 23:54:12.284 [TestNG-tests-2] INFO  com.globalsqa.bank.tests.CustomerLoginTests - Deposit status message received: Deposit Successful
2025-07-08 23:54:12.502 [TestNG-tests-2] INFO  com.globalsqa.bank.tests.CustomerLoginTests - Entered withdrawl amount: 50
2025-07-08 23:54:12.549 [TestNG-tests-2] INFO  com.globalsqa.bank.tests.CustomerLoginTests - Clicked Withdrawl submit button.
2025-07-08 23:54:15.606 [TestNG-tests-2] INFO  com.globalsqa.bank.tests.CustomerLoginTests - Withdrawl status message received: Transaction successful
2025-07-08 23:54:41.504 [TestNG-tests-2] INFO  com.globalsqa.bank.tests.CustomerLoginTests - Closing browser...
2025-07-08 23:54:41.672 [TestNG-tests-2] INFO  com.globalsqa.bank.tests.CustomerLoginTests - Test teardown complete.
2025-07-08 23:54:44.211 [TestNG-tests-2] INFO  com.globalsqa.bank.tests.CustomerLoginTests - Starting test: testCustomerDeposit for customer Dennis Dickinson
2025-07-08 23:54:44.422 [TestNG-tests-2] INFO  com.globalsqa.bank.tests.CustomerLoginTests - Entered deposit amount: 100
2025-07-08 23:54:44.479 [TestNG-tests-2] INFO  com.globalsqa.bank.tests.CustomerLoginTests - Clicked Deposit submit button.
2025-07-08 23:54:44.525 [TestNG-tests-2] INFO  com.globalsqa.bank.tests.CustomerLoginTests - Deposit status message received: Deposit Successful
2025-07-08 23:54:44.725 [TestNG-tests-2] INFO  com.globalsqa.bank.tests.CustomerLoginTests - Entered withdrawl amount: 20
2025-07-08 23:54:44.775 [TestNG-tests-2] INFO  com.globalsqa.bank.tests.CustomerLoginTests - Clicked Withdrawl submit button.
2025-07-08 23:54:44.806 [TestNG-tests-2] INFO  com.globalsqa.bank.tests.CustomerLoginTests - Withdrawl status message received: Transaction successful
2025-07-08 23:55:17.550 [TestNG-tests-2] INFO  com.globalsqa.bank.tests.CustomerLoginTests - Closing browser...
2025-07-08 23:55:17.717 [TestNG-tests-2] INFO  com.globalsqa.bank.tests.CustomerLoginTests - Test teardown complete.
2025-07-09 11:00:57.501 [TestNG-tests-2] INFO  com.globalsqa.bank.tests.CustomerLoginTests - Closing browser...
2025-07-09 11:00:57.659 [TestNG-tests-2] INFO  com.globalsqa.bank.tests.CustomerLoginTests - Test teardown complete.
2025-07-09 11:01:00.262 [TestNG-tests-2] INFO  com.globalsqa.bank.tests.CustomerLoginTests - Starting test: testCustomerDeposit for customer Ollie Volkman
2025-07-09 11:01:00.499 [TestNG-tests-2] INFO  com.globalsqa.bank.tests.CustomerLoginTests - Entered deposit amount: 100
2025-07-09 11:01:00.551 [TestNG-tests-2] INFO  com.globalsqa.bank.tests.CustomerLoginTests - Clicked Deposit submit button.
2025-07-09 11:01:00.582 [TestNG-tests-2] INFO  com.globalsqa.bank.tests.CustomerLoginTests - Deposit status message received: Deposit Successful
2025-07-09 11:01:00.583 [TestNG-tests-2] INFO  com.globalsqa.bank.tests.CustomerLoginTests - Deposit successful for customer Ollie Volkman
2025-07-09 11:01:00.600 [TestNG-tests-2] INFO  com.globalsqa.bank.tests.CustomerLoginTests - Current balance after deposit: 100
2025-07-09 11:01:00.601 [TestNG-tests-2] INFO  com.globalsqa.bank.tests.CustomerLoginTests - Finished test: testCustomerDeposit
2025-07-09 11:01:00.603 [TestNG-tests-2] INFO  com.globalsqa.bank.tests.CustomerLoginTests - Closing browser...
2025-07-09 11:01:00.734 [TestNG-tests-2] INFO  com.globalsqa.bank.tests.CustomerLoginTests - Test teardown complete.
2025-07-09 11:01:03.325 [TestNG-tests-2] INFO  com.globalsqa.bank.tests.CustomerLoginTests - Starting test: testCustomerDeposit for customer Dong Howell
2025-07-09 11:01:03.501 [TestNG-tests-2] INFO  com.globalsqa.bank.tests.CustomerLoginTests - Entered deposit amount: 200
2025-07-09 11:01:03.549 [TestNG-tests-2] INFO  com.globalsqa.bank.tests.CustomerLoginTests - Clicked Deposit submit button.
2025-07-09 11:01:03.582 [TestNG-tests-2] INFO  com.globalsqa.bank.tests.CustomerLoginTests - Deposit status message received: Deposit Successful
2025-07-09 11:01:03.800 [TestNG-tests-2] INFO  com.globalsqa.bank.tests.CustomerLoginTests - Entered withdrawl amount: 50
2025-07-09 11:01:03.847 [TestNG-tests-2] INFO  com.globalsqa.bank.tests.CustomerLoginTests - Clicked Withdrawl submit button.
2025-07-09 11:01:03.866 [TestNG-tests-2] INFO  com.globalsqa.bank.tests.CustomerLoginTests - Withdrawl status message received: Transaction successful
2025-07-09 11:01:03.887 [TestNG-tests-2] INFO  com.globalsqa.bank.tests.CustomerLoginTests - Current balance after deposit: 150
2025-07-09 11:01:03.887 [TestNG-tests-2] INFO  com.globalsqa.bank.tests.CustomerLoginTests - Finished test: testCustomerDeposit
2025-07-09 11:01:03.888 [TestNG-tests-2] INFO  com.globalsqa.bank.tests.CustomerLoginTests - Closing browser...
2025-07-09 11:01:04.024 [TestNG-tests-2] INFO  com.globalsqa.bank.tests.CustomerLoginTests - Test teardown complete.
2025-07-09 11:01:06.635 [TestNG-tests-2] INFO  com.globalsqa.bank.tests.CustomerLoginTests - Starting test: testCustomerDeposit for customer Faustino Quitzon
2025-07-09 11:01:06.900 [TestNG-tests-2] INFO  com.globalsqa.bank.tests.CustomerLoginTests - Entered deposit amount: 150
2025-07-09 11:01:06.947 [TestNG-tests-2] INFO  com.globalsqa.bank.tests.CustomerLoginTests - Clicked Deposit submit button.
2025-07-09 11:01:06.964 [TestNG-tests-2] INFO  com.globalsqa.bank.tests.CustomerLoginTests - Deposit status message received: Deposit Successful
2025-07-09 11:01:07.199 [TestNG-tests-2] INFO  com.globalsqa.bank.tests.CustomerLoginTests - Entered withdrawl amount: 50
2025-07-09 11:01:07.248 [TestNG-tests-2] INFO  com.globalsqa.bank.tests.CustomerLoginTests - Clicked Withdrawl submit button.
2025-07-09 11:01:10.288 [TestNG-tests-2] INFO  com.globalsqa.bank.tests.CustomerLoginTests - Withdrawl status message received: Transaction successful
2025-07-09 11:01:15.663 [TestNG-tests-2] INFO  com.globalsqa.bank.tests.CustomerLoginTests - Finished test: testCustomerDeposit
2025-07-09 11:01:15.663 [TestNG-tests-2] INFO  com.globalsqa.bank.tests.CustomerLoginTests - Closing browser...
2025-07-09 11:01:15.813 [TestNG-tests-2] INFO  com.globalsqa.bank.tests.CustomerLoginTests - Test teardown complete.
2025-07-09 11:01:18.382 [TestNG-tests-2] INFO  com.globalsqa.bank.tests.CustomerLoginTests - Starting test: testCustomerDeposit for customer Porfirio Nicolas
2025-07-09 11:01:18.643 [TestNG-tests-2] INFO  com.globalsqa.bank.tests.CustomerLoginTests - Entered deposit amount: 100
2025-07-09 11:01:18.707 [TestNG-tests-2] INFO  com.globalsqa.bank.tests.CustomerLoginTests - Clicked Deposit submit button.
2025-07-09 11:01:18.773 [TestNG-tests-2] INFO  com.globalsqa.bank.tests.CustomerLoginTests - Deposit status message received: Deposit Successful
2025-07-09 11:01:19.028 [TestNG-tests-2] INFO  com.globalsqa.bank.tests.CustomerLoginTests - Entered withdrawl amount: 20
2025-07-09 11:01:19.085 [TestNG-tests-2] INFO  com.globalsqa.bank.tests.CustomerLoginTests - Clicked Withdrawl submit button.
2025-07-09 11:01:19.122 [TestNG-tests-2] INFO  com.globalsqa.bank.tests.CustomerLoginTests - Withdrawl status message received: Transaction successful
2025-07-09 11:01:29.618 [TestNG-tests-1] INFO  com.globalsqa.bank.tests.ManagerTests - Closing browser...
2025-07-09 11:01:30.384 [TestNG-tests-1] INFO  com.globalsqa.bank.tests.ManagerTests - Test teardown complete.
2025-07-09 11:01:40.182 [TestNG-tests-1] INFO  com.globalsqa.bank.tests.ManagerTests - Closing browser...
2025-07-09 11:01:40.924 [TestNG-tests-1] INFO  com.globalsqa.bank.tests.ManagerTests - Test teardown complete.
2025-07-09 11:01:46.349 [TestNG-tests-1] INFO  com.globalsqa.bank.tests.ManagerTests - Closing browser...
2025-07-09 11:01:47.181 [TestNG-tests-1] INFO  com.globalsqa.bank.tests.ManagerTests - Test teardown complete.
2025-07-09 11:01:54.235 [TestNG-tests-1] INFO  com.globalsqa.bank.tests.ManagerTests - Closing browser...
2025-07-09 11:01:54.978 [TestNG-tests-1] INFO  com.globalsqa.bank.tests.ManagerTests - Test teardown complete.
2025-07-09 11:01:59.764 [TestNG-tests-1] INFO  com.globalsqa.bank.tests.ManagerTests - Closing browser...
2025-07-09 11:02:00.561 [TestNG-tests-1] INFO  com.globalsqa.bank.tests.ManagerTests - Test teardown complete.
2025-07-09 11:02:01.728 [TestNG-tests-2] INFO  com.globalsqa.bank.tests.CustomerLoginTests - Finished test: testCustomerDeposit
2025-07-09 11:02:01.729 [TestNG-tests-2] INFO  com.globalsqa.bank.tests.CustomerLoginTests - Closing browser...
2025-07-09 11:02:01.951 [TestNG-tests-2] INFO  com.globalsqa.bank.tests.CustomerLoginTests - Test teardown complete.
2025-07-09 11:02:05.535 [TestNG-tests-1] INFO  com.globalsqa.bank.tests.CustomerLoginTests - Closing browser...
2025-07-09 11:02:06.291 [TestNG-tests-1] INFO  com.globalsqa.bank.tests.CustomerLoginTests - Test teardown complete.
2025-07-09 11:02:11.249 [TestNG-tests-1] INFO  com.globalsqa.bank.tests.CustomerLoginTests - Starting test: testCustomerDeposit for customer Sachiko Sporer
2025-07-09 11:02:11.509 [TestNG-tests-1] INFO  com.globalsqa.bank.tests.CustomerLoginTests - Entered deposit amount: 100
2025-07-09 11:02:11.727 [TestNG-tests-1] INFO  com.globalsqa.bank.tests.CustomerLoginTests - Clicked Deposit submit button.
2025-07-09 11:02:11.735 [TestNG-tests-1] INFO  com.globalsqa.bank.tests.CustomerLoginTests - Deposit status message received: Deposit Successful
2025-07-09 11:02:11.735 [TestNG-tests-1] INFO  com.globalsqa.bank.tests.CustomerLoginTests - Deposit successful for customer Sachiko Sporer
2025-07-09 11:02:11.749 [TestNG-tests-1] INFO  com.globalsqa.bank.tests.CustomerLoginTests - Current balance after deposit: 100
2025-07-09 11:02:11.749 [TestNG-tests-1] INFO  com.globalsqa.bank.tests.CustomerLoginTests - Finished test: testCustomerDeposit
2025-07-09 11:02:11.756 [TestNG-tests-1] INFO  com.globalsqa.bank.tests.CustomerLoginTests - Closing browser...
2025-07-09 11:02:12.498 [TestNG-tests-1] INFO  com.globalsqa.bank.tests.CustomerLoginTests - Test teardown complete.
2025-07-09 11:02:17.030 [TestNG-tests-1] INFO  com.globalsqa.bank.tests.CustomerLoginTests - Starting test: testCustomerDeposit for customer Tasia Russel
2025-07-09 11:02:17.267 [TestNG-tests-1] INFO  com.globalsqa.bank.tests.CustomerLoginTests - Entered deposit amount: 200
2025-07-09 11:02:17.496 [TestNG-tests-1] INFO  com.globalsqa.bank.tests.CustomerLoginTests - Clicked Deposit submit button.
2025-07-09 11:02:17.509 [TestNG-tests-1] INFO  com.globalsqa.bank.tests.CustomerLoginTests - Deposit status message received: Deposit Successful
2025-07-09 11:02:17.873 [TestNG-tests-1] INFO  com.globalsqa.bank.tests.CustomerLoginTests - Entered withdrawl amount: 50
2025-07-09 11:02:18.095 [TestNG-tests-1] INFO  com.globalsqa.bank.tests.CustomerLoginTests - Clicked Withdrawl submit button.
2025-07-09 11:02:18.103 [TestNG-tests-1] INFO  com.globalsqa.bank.tests.CustomerLoginTests - Withdrawl status message received: Transaction successful
2025-07-09 11:02:18.121 [TestNG-tests-1] INFO  com.globalsqa.bank.tests.CustomerLoginTests - Current balance after deposit: 150
2025-07-09 11:02:18.121 [TestNG-tests-1] INFO  com.globalsqa.bank.tests.CustomerLoginTests - Finished test: testCustomerDeposit
2025-07-09 11:02:18.121 [TestNG-tests-1] INFO  com.globalsqa.bank.tests.CustomerLoginTests - Closing browser...
2025-07-09 11:02:18.854 [TestNG-tests-1] INFO  com.globalsqa.bank.tests.CustomerLoginTests - Test teardown complete.
2025-07-09 11:02:23.672 [TestNG-tests-1] INFO  com.globalsqa.bank.tests.CustomerLoginTests - Starting test: testCustomerDeposit for customer Hilda Metz
2025-07-09 11:02:23.921 [TestNG-tests-1] INFO  com.globalsqa.bank.tests.CustomerLoginTests - Entered deposit amount: 150
2025-07-09 11:02:24.164 [TestNG-tests-1] INFO  com.globalsqa.bank.tests.CustomerLoginTests - Clicked Deposit submit button.
2025-07-09 11:02:24.179 [TestNG-tests-1] INFO  com.globalsqa.bank.tests.CustomerLoginTests - Deposit status message received: Deposit Successful
2025-07-09 11:02:24.563 [TestNG-tests-1] INFO  com.globalsqa.bank.tests.CustomerLoginTests - Entered withdrawl amount: 50
2025-07-09 11:02:24.787 [TestNG-tests-1] INFO  com.globalsqa.bank.tests.CustomerLoginTests - Clicked Withdrawl submit button.
2025-07-09 11:02:27.819 [TestNG-tests-1] INFO  com.globalsqa.bank.tests.CustomerLoginTests - Withdrawl status message received: Transaction successful
2025-07-09 11:02:33.029 [TestNG-tests-1] INFO  com.globalsqa.bank.tests.CustomerLoginTests - Finished test: testCustomerDeposit
2025-07-09 11:02:33.029 [TestNG-tests-1] INFO  com.globalsqa.bank.tests.CustomerLoginTests - Closing browser...
2025-07-09 11:02:33.673 [TestNG-tests-1] INFO  com.globalsqa.bank.tests.CustomerLoginTests - Test teardown complete.
2025-07-09 11:02:38.452 [TestNG-tests-1] INFO  com.globalsqa.bank.tests.CustomerLoginTests - Starting test: testCustomerDeposit for customer Ulrike Sporer
2025-07-09 11:02:38.697 [TestNG-tests-1] INFO  com.globalsqa.bank.tests.CustomerLoginTests - Entered deposit amount: 100
2025-07-09 11:02:38.918 [TestNG-tests-1] INFO  com.globalsqa.bank.tests.CustomerLoginTests - Clicked Deposit submit button.
2025-07-09 11:02:38.943 [TestNG-tests-1] INFO  com.globalsqa.bank.tests.CustomerLoginTests - Deposit status message received: Deposit Successful
2025-07-09 11:02:39.284 [TestNG-tests-1] INFO  com.globalsqa.bank.tests.CustomerLoginTests - Entered withdrawl amount: 20
2025-07-09 11:02:39.502 [TestNG-tests-1] INFO  com.globalsqa.bank.tests.CustomerLoginTests - Clicked Withdrawl submit button.
2025-07-09 11:02:39.531 [TestNG-tests-1] INFO  com.globalsqa.bank.tests.CustomerLoginTests - Withdrawl status message received: Transaction successful
2025-07-09 11:03:21.981 [TestNG-tests-1] INFO  com.globalsqa.bank.tests.CustomerLoginTests - Finished test: testCustomerDeposit
2025-07-09 11:03:21.981 [TestNG-tests-1] INFO  com.globalsqa.bank.tests.CustomerLoginTests - Closing browser...
2025-07-09 11:03:22.775 [TestNG-tests-1] INFO  com.globalsqa.bank.tests.CustomerLoginTests - Test teardown complete.
2025-07-12 15:12:32.230 [main] INFO  com.globalsqa.bank.tests.CustomerLoginTests - Closing browser...
2025-07-12 15:12:32.404 [main] INFO  com.globalsqa.bank.tests.CustomerLoginTests - Test teardown complete.
2025-07-12 15:12:35.396 [main] INFO  com.globalsqa.bank.tests.CustomerLoginTests - Starting test: testCustomerDeposit for customer Yulanda Ortiz
2025-07-12 15:12:35.611 [main] INFO  com.globalsqa.bank.tests.CustomerLoginTests - Entered deposit amount: 100
2025-07-12 15:12:35.666 [main] INFO  com.globalsqa.bank.tests.CustomerLoginTests - Clicked Deposit submit button.
2025-07-12 15:12:35.713 [main] INFO  com.globalsqa.bank.tests.CustomerLoginTests - Deposit status message received: Deposit Successful
2025-07-12 15:12:35.713 [main] INFO  com.globalsqa.bank.tests.CustomerLoginTests - Deposit successful for customer Yulanda Ortiz
2025-07-12 15:12:35.729 [main] INFO  com.globalsqa.bank.tests.CustomerLoginTests - Current balance after deposit: 100
2025-07-12 15:12:35.729 [main] INFO  com.globalsqa.bank.tests.CustomerLoginTests - Finished test: testCustomerDeposit
2025-07-12 15:12:35.730 [main] INFO  com.globalsqa.bank.tests.CustomerLoginTests - Closing browser...
2025-07-12 15:12:35.865 [main] INFO  com.globalsqa.bank.tests.CustomerLoginTests - Test teardown complete.
2025-07-12 15:12:38.299 [main] INFO  com.globalsqa.bank.tests.CustomerLoginTests - Starting test: testCustomerDeposit for customer Norman Daugherty
2025-07-12 15:12:38.477 [main] INFO  com.globalsqa.bank.tests.CustomerLoginTests - Entered deposit amount: 200
2025-07-12 15:12:38.530 [main] INFO  com.globalsqa.bank.tests.CustomerLoginTests - Clicked Deposit submit button.
2025-07-12 15:12:38.554 [main] INFO  com.globalsqa.bank.tests.CustomerLoginTests - Deposit status message received: Deposit Successful
2025-07-12 15:12:38.776 [main] INFO  com.globalsqa.bank.tests.CustomerLoginTests - Entered withdrawl amount: 50
2025-07-12 15:12:38.830 [main] INFO  com.globalsqa.bank.tests.CustomerLoginTests - Clicked Withdrawl submit button.
2025-07-12 15:12:38.848 [main] INFO  com.globalsqa.bank.tests.CustomerLoginTests - Withdrawl status message received: Transaction successful
2025-07-12 15:12:38.864 [main] INFO  com.globalsqa.bank.tests.CustomerLoginTests - Current balance after deposit: 150
2025-07-12 15:12:38.864 [main] INFO  com.globalsqa.bank.tests.CustomerLoginTests - Finished test: testCustomerDeposit
2025-07-12 15:12:38.865 [main] INFO  com.globalsqa.bank.tests.CustomerLoginTests - Closing browser...
2025-07-12 15:12:39.004 [main] INFO  com.globalsqa.bank.tests.CustomerLoginTests - Test teardown complete.
2025-07-12 15:12:41.445 [main] INFO  com.globalsqa.bank.tests.CustomerLoginTests - Starting test: testCustomerDeposit for customer Michael Schuppe
2025-07-12 15:12:41.623 [main] INFO  com.globalsqa.bank.tests.CustomerLoginTests - Entered deposit amount: 150
2025-07-12 15:12:41.677 [main] INFO  com.globalsqa.bank.tests.CustomerLoginTests - Clicked Deposit submit button.
2025-07-12 15:12:41.700 [main] INFO  com.globalsqa.bank.tests.CustomerLoginTests - Deposit status message received: Deposit Successful
2025-07-12 15:12:41.913 [main] INFO  com.globalsqa.bank.tests.CustomerLoginTests - Entered withdrawl amount: 50
2025-07-12 15:12:41.963 [main] INFO  com.globalsqa.bank.tests.CustomerLoginTests - Clicked Withdrawl submit button.
2025-07-12 15:12:44.983 [main] INFO  com.globalsqa.bank.tests.CustomerLoginTests - Withdrawl status message received: Transaction successful
2025-07-12 15:13:10.667 [main] INFO  com.globalsqa.bank.tests.CustomerLoginTests - Closing browser...
2025-07-12 15:13:10.817 [main] INFO  com.globalsqa.bank.tests.CustomerLoginTests - Test teardown complete.
2025-07-12 15:13:13.186 [main] INFO  com.globalsqa.bank.tests.CustomerLoginTests - Starting test: testCustomerDeposit for customer Myriam Tromp
2025-07-12 15:13:13.370 [main] INFO  com.globalsqa.bank.tests.CustomerLoginTests - Entered deposit amount: 100
2025-07-12 15:13:13.422 [main] INFO  com.globalsqa.bank.tests.CustomerLoginTests - Clicked Deposit submit button.
2025-07-12 15:13:13.452 [main] INFO  com.globalsqa.bank.tests.CustomerLoginTests - Deposit status message received: Deposit Successful
2025-07-12 15:13:13.669 [main] INFO  com.globalsqa.bank.tests.CustomerLoginTests - Entered withdrawl amount: 20
2025-07-12 15:13:13.718 [main] INFO  com.globalsqa.bank.tests.CustomerLoginTests - Clicked Withdrawl submit button.
2025-07-12 15:13:13.752 [main] INFO  com.globalsqa.bank.tests.CustomerLoginTests - Withdrawl status message received: Transaction successful
2025-07-12 15:13:46.458 [main] INFO  com.globalsqa.bank.tests.CustomerLoginTests - Closing browser...
2025-07-12 15:13:46.612 [main] INFO  com.globalsqa.bank.tests.CustomerLoginTests - Test teardown complete.
2025-07-13 21:05:48.107 [main] INFO  com.globalsqa.bank.tests.CustomerLoginTests - Closing browser...
2025-07-13 21:05:48.257 [main] INFO  com.globalsqa.bank.tests.CustomerLoginTests - Test teardown complete.
2025-07-13 21:05:50.833 [main] INFO  com.globalsqa.bank.tests.CustomerLoginTests - Starting test: testCustomerDeposit for customer Jeanene Sauer
2025-07-13 21:05:51.044 [main] INFO  com.globalsqa.bank.tests.CustomerLoginTests - Entered deposit amount: 100
2025-07-13 21:05:51.119 [main] INFO  com.globalsqa.bank.tests.CustomerLoginTests - Clicked Deposit submit button.
2025-07-13 21:05:51.153 [main] INFO  com.globalsqa.bank.tests.CustomerLoginTests - Deposit status message received: Deposit Successful
2025-07-13 21:05:51.153 [main] INFO  com.globalsqa.bank.tests.CustomerLoginTests - Deposit successful for customer Jeanene Sauer
2025-07-13 21:05:51.169 [main] INFO  com.globalsqa.bank.tests.CustomerLoginTests - Current balance after deposit: 100
2025-07-13 21:05:51.169 [main] INFO  com.globalsqa.bank.tests.CustomerLoginTests - Finished test: testCustomerDeposit
2025-07-13 21:05:51.169 [main] INFO  com.globalsqa.bank.tests.CustomerLoginTests - Closing browser...
2025-07-13 21:05:51.358 [main] INFO  com.globalsqa.bank.tests.CustomerLoginTests - Test teardown complete.
2025-07-13 21:05:53.901 [main] INFO  com.globalsqa.bank.tests.CustomerLoginTests - Starting test: testCustomerDeposit for customer Cruz Pfeffer
2025-07-13 21:05:54.078 [main] INFO  com.globalsqa.bank.tests.CustomerLoginTests - Entered deposit amount: 200
2025-07-13 21:05:54.117 [main] INFO  com.globalsqa.bank.tests.CustomerLoginTests - Clicked Deposit submit button.
2025-07-13 21:05:54.151 [main] INFO  com.globalsqa.bank.tests.CustomerLoginTests - Deposit status message received: Deposit Successful
2025-07-13 21:05:54.388 [main] INFO  com.globalsqa.bank.tests.CustomerLoginTests - Entered withdrawl amount: 50
2025-07-13 21:05:54.433 [main] INFO  com.globalsqa.bank.tests.CustomerLoginTests - Clicked Withdrawl submit button.
2025-07-13 21:05:54.450 [main] INFO  com.globalsqa.bank.tests.CustomerLoginTests - Withdrawl status message received: Transaction successful
2025-07-13 21:05:54.466 [main] INFO  com.globalsqa.bank.tests.CustomerLoginTests - Current balance after deposit: 150
2025-07-13 21:05:54.466 [main] INFO  com.globalsqa.bank.tests.CustomerLoginTests - Finished test: testCustomerDeposit
2025-07-13 21:05:54.466 [main] INFO  com.globalsqa.bank.tests.CustomerLoginTests - Closing browser...
2025-07-13 21:05:54.610 [main] INFO  com.globalsqa.bank.tests.CustomerLoginTests - Test teardown complete.
2025-07-13 21:05:57.057 [main] INFO  com.globalsqa.bank.tests.CustomerLoginTests - Starting test: testCustomerDeposit for customer Particia Stehr
2025-07-13 21:05:57.232 [main] INFO  com.globalsqa.bank.tests.CustomerLoginTests - Entered deposit amount: 150
2025-07-13 21:05:57.287 [main] INFO  com.globalsqa.bank.tests.CustomerLoginTests - Clicked Deposit submit button.
2025-07-13 21:05:57.310 [main] INFO  com.globalsqa.bank.tests.CustomerLoginTests - Deposit status message received: Deposit Successful
2025-07-13 21:05:57.518 [main] INFO  com.globalsqa.bank.tests.CustomerLoginTests - Entered withdrawl amount: 50
2025-07-13 21:05:57.568 [main] INFO  com.globalsqa.bank.tests.CustomerLoginTests - Clicked Withdrawl submit button.
2025-07-13 21:06:00.589 [main] INFO  com.globalsqa.bank.tests.CustomerLoginTests - Withdrawl status message received: Transaction successful
2025-07-13 21:06:07.642 [main] INFO  com.globalsqa.bank.tests.CustomerLoginTests - Finished test: testCustomerDeposit
2025-07-13 21:06:07.643 [main] INFO  com.globalsqa.bank.tests.CustomerLoginTests - Closing browser...
2025-07-13 21:06:07.804 [main] INFO  com.globalsqa.bank.tests.CustomerLoginTests - Test teardown complete.
2025-07-13 21:06:10.165 [main] INFO  com.globalsqa.bank.tests.CustomerLoginTests - Starting test: testCustomerDeposit for customer Cornelius Grant
2025-07-13 21:06:10.338 [main] INFO  com.globalsqa.bank.tests.CustomerLoginTests - Entered deposit amount: 100
2025-07-13 21:06:10.396 [main] INFO  com.globalsqa.bank.tests.CustomerLoginTests - Clicked Deposit submit button.
2025-07-13 21:06:10.435 [main] INFO  com.globalsqa.bank.tests.CustomerLoginTests - Deposit status message received: Deposit Successful
2025-07-13 21:06:10.641 [main] INFO  com.globalsqa.bank.tests.CustomerLoginTests - Entered withdrawl amount: 20
2025-07-13 21:06:10.690 [main] INFO  com.globalsqa.bank.tests.CustomerLoginTests - Clicked Withdrawl submit button.
2025-07-13 21:06:10.723 [main] INFO  com.globalsqa.bank.tests.CustomerLoginTests - Withdrawl status message received: Transaction successful
2025-07-13 21:06:53.144 [main] INFO  com.globalsqa.bank.tests.CustomerLoginTests - Finished test: testCustomerDeposit
2025-07-13 21:06:53.145 [main] INFO  com.globalsqa.bank.tests.CustomerLoginTests - Closing browser...
2025-07-13 21:06:53.324 [main] INFO  com.globalsqa.bank.tests.CustomerLoginTests - Test teardown complete.
2025-07-13 21:10:37.349 [main] INFO  com.globalsqa.bank.tests.CustomerLoginTests - Closing browser...
2025-07-13 21:10:37.519 [main] INFO  com.globalsqa.bank.tests.CustomerLoginTests - Test teardown complete.
2025-07-13 21:10:39.931 [main] INFO  com.globalsqa.bank.tests.CustomerLoginTests - Starting test: testCustomerDeposit for customer Lena Rogahn
2025-07-13 21:10:40.124 [main] INFO  com.globalsqa.bank.tests.CustomerLoginTests - Entered deposit amount: 100
2025-07-13 21:10:40.175 [main] INFO  com.globalsqa.bank.tests.CustomerLoginTests - Clicked Deposit submit button.
2025-07-13 21:10:40.196 [main] INFO  com.globalsqa.bank.tests.CustomerLoginTests - Deposit status message received: Deposit Successful
2025-07-13 21:10:40.197 [main] INFO  com.globalsqa.bank.tests.CustomerLoginTests - Deposit successful for customer Lena Rogahn
2025-07-13 21:10:40.212 [main] INFO  com.globalsqa.bank.tests.CustomerLoginTests - Current balance after deposit: 100
2025-07-13 21:10:40.212 [main] INFO  com.globalsqa.bank.tests.CustomerLoginTests - Finished test: testCustomerDeposit
2025-07-13 21:10:40.213 [main] INFO  com.globalsqa.bank.tests.CustomerLoginTests - Closing browser...
2025-07-13 21:10:40.368 [main] INFO  com.globalsqa.bank.tests.CustomerLoginTests - Test teardown complete.
2025-07-13 21:10:43.825 [main] INFO  com.globalsqa.bank.tests.CustomerLoginTests - Starting test: testCustomerDeposit for customer Teddy Miller
2025-07-13 21:10:44.001 [main] INFO  com.globalsqa.bank.tests.CustomerLoginTests - Entered deposit amount: 200
2025-07-13 21:10:44.053 [main] INFO  com.globalsqa.bank.tests.CustomerLoginTests - Clicked Deposit submit button.
2025-07-13 21:10:44.081 [main] INFO  com.globalsqa.bank.tests.CustomerLoginTests - Deposit status message received: Deposit Successful
2025-07-13 21:10:44.303 [main] INFO  com.globalsqa.bank.tests.CustomerLoginTests - Entered withdrawl amount: 50
2025-07-13 21:10:44.354 [main] INFO  com.globalsqa.bank.tests.CustomerLoginTests - Clicked Withdrawl submit button.
2025-07-13 21:10:44.373 [main] INFO  com.globalsqa.bank.tests.CustomerLoginTests - Withdrawl status message received: Transaction successful
2025-07-13 21:10:44.389 [main] INFO  com.globalsqa.bank.tests.CustomerLoginTests - Current balance after deposit: 150
2025-07-13 21:10:44.390 [main] INFO  com.globalsqa.bank.tests.CustomerLoginTests - Finished test: testCustomerDeposit
2025-07-13 21:10:44.390 [main] INFO  com.globalsqa.bank.tests.CustomerLoginTests - Closing browser...
2025-07-13 21:10:44.531 [main] INFO  com.globalsqa.bank.tests.CustomerLoginTests - Test teardown complete.
2025-07-13 21:10:46.852 [main] INFO  com.globalsqa.bank.tests.CustomerLoginTests - Starting test: testCustomerDeposit for customer Ellis Schulist
2025-07-13 21:10:47.025 [main] INFO  com.globalsqa.bank.tests.CustomerLoginTests - Entered deposit amount: 150
2025-07-13 21:10:47.077 [main] INFO  com.globalsqa.bank.tests.CustomerLoginTests - Clicked Deposit submit button.
2025-07-13 21:10:47.103 [main] INFO  com.globalsqa.bank.tests.CustomerLoginTests - Deposit status message received: Deposit Successful
2025-07-13 21:10:47.314 [main] INFO  com.globalsqa.bank.tests.CustomerLoginTests - Entered withdrawl amount: 50
2025-07-13 21:10:47.363 [main] INFO  com.globalsqa.bank.tests.CustomerLoginTests - Clicked Withdrawl submit button.
2025-07-13 21:10:50.384 [main] INFO  com.globalsqa.bank.tests.CustomerLoginTests - Withdrawl status message received: Transaction successful
2025-07-13 21:11:16.104 [main] INFO  com.globalsqa.bank.tests.CustomerLoginTests - Closing browser...
2025-07-13 21:11:16.263 [main] INFO  com.globalsqa.bank.tests.CustomerLoginTests - Test teardown complete.
2025-07-13 21:11:18.737 [main] INFO  com.globalsqa.bank.tests.CustomerLoginTests - Starting test: testCustomerDeposit for customer Tammera Morissette
2025-07-13 21:11:18.925 [main] INFO  com.globalsqa.bank.tests.CustomerLoginTests - Entered deposit amount: 100
2025-07-13 21:11:18.979 [main] INFO  com.globalsqa.bank.tests.CustomerLoginTests - Clicked Deposit submit button.
2025-07-13 21:11:19.016 [main] INFO  com.globalsqa.bank.tests.CustomerLoginTests - Deposit status message received: Deposit Successful
2025-07-13 21:11:19.230 [main] INFO  com.globalsqa.bank.tests.CustomerLoginTests - Entered withdrawl amount: 20
2025-07-13 21:11:19.281 [main] INFO  com.globalsqa.bank.tests.CustomerLoginTests - Clicked Withdrawl submit button.
2025-07-13 21:11:19.311 [main] INFO  com.globalsqa.bank.tests.CustomerLoginTests - Withdrawl status message received: Transaction successful
2025-07-13 21:12:01.803 [main] INFO  com.globalsqa.bank.tests.CustomerLoginTests - Finished test: testCustomerDeposit
2025-07-13 21:12:01.806 [main] INFO  com.globalsqa.bank.tests.CustomerLoginTests - Closing browser...
2025-07-13 21:12:01.968 [main] INFO  com.globalsqa.bank.tests.CustomerLoginTests - Test teardown complete.
2025-07-13 21:18:46.012 [main] INFO  com.globalsqa.bank.tests.CustomerLoginTests - Closing browser...
2025-07-13 21:18:46.164 [main] INFO  com.globalsqa.bank.tests.CustomerLoginTests - Test teardown complete.
2025-07-13 21:18:48.695 [main] INFO  com.globalsqa.bank.tests.CustomerLoginTests - Starting test: testCustomerDeposit for customer Kia Littel
2025-07-13 21:18:48.905 [main] INFO  com.globalsqa.bank.tests.CustomerLoginTests - Entered deposit amount: 100
2025-07-13 21:18:48.958 [main] INFO  com.globalsqa.bank.tests.CustomerLoginTests - Clicked Deposit submit button.
2025-07-13 21:18:48.981 [main] INFO  com.globalsqa.bank.tests.CustomerLoginTests - Deposit status message received: Deposit Successful
2025-07-13 21:18:48.981 [main] INFO  com.globalsqa.bank.tests.CustomerLoginTests - Deposit successful for customer Kia Littel
2025-07-13 21:18:48.998 [main] INFO  com.globalsqa.bank.tests.CustomerLoginTests - Current balance after deposit: 100
2025-07-13 21:18:48.998 [main] INFO  com.globalsqa.bank.tests.CustomerLoginTests - Finished test: testCustomerDeposit
2025-07-13 21:18:48.999 [main] INFO  com.globalsqa.bank.tests.CustomerLoginTests - Closing browser...
2025-07-13 21:18:49.134 [main] INFO  com.globalsqa.bank.tests.CustomerLoginTests - Test teardown complete.
2025-07-13 21:18:51.576 [main] INFO  com.globalsqa.bank.tests.CustomerLoginTests - Starting test: testCustomerDeposit for customer Kindra Kuvalis
2025-07-13 21:18:51.774 [main] INFO  com.globalsqa.bank.tests.CustomerLoginTests - Entered deposit amount: 200
2025-07-13 21:18:51.834 [main] INFO  com.globalsqa.bank.tests.CustomerLoginTests - Clicked Deposit submit button.
2025-07-13 21:18:51.860 [main] INFO  com.globalsqa.bank.tests.CustomerLoginTests - Deposit status message received: Deposit Successful
2025-07-13 21:18:52.098 [main] INFO  com.globalsqa.bank.tests.CustomerLoginTests - Entered withdrawl amount: 50
2025-07-13 21:18:52.167 [main] INFO  com.globalsqa.bank.tests.CustomerLoginTests - Clicked Withdrawl submit button.
2025-07-13 21:18:52.188 [main] INFO  com.globalsqa.bank.tests.CustomerLoginTests - Withdrawl status message received: Transaction successful
2025-07-13 21:18:52.207 [main] INFO  com.globalsqa.bank.tests.CustomerLoginTests - Current balance after deposit: 150
2025-07-13 21:18:52.207 [main] INFO  com.globalsqa.bank.tests.CustomerLoginTests - Finished test: testCustomerDeposit
2025-07-13 21:18:52.207 [main] INFO  com.globalsqa.bank.tests.CustomerLoginTests - Closing browser...
2025-07-13 21:18:52.355 [main] INFO  com.globalsqa.bank.tests.CustomerLoginTests - Test teardown complete.
2025-07-13 21:18:54.735 [main] INFO  com.globalsqa.bank.tests.CustomerLoginTests - Starting test: testCustomerDeposit for customer Jack Harber
2025-07-13 21:18:54.896 [main] INFO  com.globalsqa.bank.tests.CustomerLoginTests - Entered deposit amount: 150
2025-07-13 21:18:54.962 [main] INFO  com.globalsqa.bank.tests.CustomerLoginTests - Clicked Deposit submit button.
2025-07-13 21:18:54.985 [main] INFO  com.globalsqa.bank.tests.CustomerLoginTests - Deposit status message received: Deposit Successful
2025-07-13 21:18:55.196 [main] INFO  com.globalsqa.bank.tests.CustomerLoginTests - Entered withdrawl amount: 50
2025-07-13 21:18:55.249 [main] INFO  com.globalsqa.bank.tests.CustomerLoginTests - Clicked Withdrawl submit button.
2025-07-13 21:18:58.268 [main] INFO  com.globalsqa.bank.tests.CustomerLoginTests - Withdrawl status message received: Transaction successful
2025-07-13 21:19:03.582 [main] INFO  com.globalsqa.bank.tests.CustomerLoginTests - Finished test: testCustomerDeposit
2025-07-13 21:19:03.583 [main] INFO  com.globalsqa.bank.tests.CustomerLoginTests - Closing browser...
2025-07-13 21:19:03.730 [main] INFO  com.globalsqa.bank.tests.CustomerLoginTests - Test teardown complete.
2025-07-13 21:19:06.295 [main] INFO  com.globalsqa.bank.tests.CustomerLoginTests - Starting test: testCustomerDeposit for customer Guillermo Ruecker
2025-07-13 21:19:06.477 [main] INFO  com.globalsqa.bank.tests.CustomerLoginTests - Entered deposit amount: 100
2025-07-13 21:19:06.545 [main] INFO  com.globalsqa.bank.tests.CustomerLoginTests - Clicked Deposit submit button.
2025-07-13 21:19:06.590 [main] INFO  com.globalsqa.bank.tests.CustomerLoginTests - Deposit status message received: Deposit Successful
2025-07-13 21:19:06.804 [main] INFO  com.globalsqa.bank.tests.CustomerLoginTests - Entered withdrawl amount: 20
2025-07-13 21:19:06.860 [main] INFO  com.globalsqa.bank.tests.CustomerLoginTests - Clicked Withdrawl submit button.
2025-07-13 21:19:06.898 [main] INFO  com.globalsqa.bank.tests.CustomerLoginTests - Withdrawl status message received: Transaction successful
2025-07-13 21:19:39.655 [main] INFO  com.globalsqa.bank.tests.CustomerLoginTests - Closing browser...
2025-07-13 21:19:39.833 [main] INFO  com.globalsqa.bank.tests.CustomerLoginTests - Test teardown complete.
2025-07-13 21:19:40.878 [main] INFO  com.globalsqa.bank.tests.ManagerTests - Closing browser...
2025-07-13 21:19:41.029 [main] INFO  com.globalsqa.bank.tests.ManagerTests - Test teardown complete.
2025-07-13 21:19:42.094 [main] INFO  com.globalsqa.bank.tests.ManagerTests - Closing browser...
2025-07-13 21:19:42.230 [main] INFO  com.globalsqa.bank.tests.ManagerTests - Test teardown complete.
2025-07-13 21:19:43.225 [main] INFO  com.globalsqa.bank.tests.ManagerTests - Closing browser...
2025-07-13 21:19:43.353 [main] INFO  com.globalsqa.bank.tests.ManagerTests - Test teardown complete.
2025-07-13 21:19:44.377 [main] INFO  com.globalsqa.bank.tests.ManagerTests - Closing browser...
2025-07-13 21:19:44.523 [main] INFO  com.globalsqa.bank.tests.ManagerTests - Test teardown complete.
2025-07-13 21:19:45.591 [main] INFO  com.globalsqa.bank.tests.ManagerTests - Closing browser...
2025-07-13 21:19:45.738 [main] INFO  com.globalsqa.bank.tests.ManagerTests - Test teardown complete.
2025-07-13 21:25:23.764 [main] INFO  com.globalsqa.bank.tests.ManagerTests - Closing browser...
2025-07-13 21:25:23.966 [main] INFO  com.globalsqa.bank.tests.ManagerTests - Test teardown complete.
2025-07-13 21:25:25.116 [main] INFO  com.globalsqa.bank.tests.ManagerTests - Closing browser...
2025-07-13 21:25:25.271 [main] INFO  com.globalsqa.bank.tests.ManagerTests - Test teardown complete.
2025-07-13 21:25:26.545 [main] INFO  com.globalsqa.bank.tests.ManagerTests - Closing browser...
2025-07-13 21:25:26.751 [main] INFO  com.globalsqa.bank.tests.ManagerTests - Test teardown complete.
2025-07-13 21:25:27.981 [main] INFO  com.globalsqa.bank.tests.ManagerTests - Closing browser...
2025-07-13 21:25:28.153 [main] INFO  com.globalsqa.bank.tests.ManagerTests - Test teardown complete.
2025-07-13 21:25:29.241 [main] INFO  com.globalsqa.bank.tests.ManagerTests - Closing browser...
2025-07-13 21:25:29.371 [main] INFO  com.globalsqa.bank.tests.ManagerTests - Test teardown complete.
2025-07-13 21:59:12.876 [main] INFO  com.globalsqa.bank.tests.CustomerLoginTests - Closing browser...
2025-07-13 21:59:13.052 [main] INFO  com.globalsqa.bank.tests.CustomerLoginTests - Test teardown complete.
2025-07-13 21:59:15.683 [main] INFO  com.globalsqa.bank.tests.CustomerLoginTests - Starting test: testCustomerDeposit for customer Carmen Cormier
2025-07-13 21:59:15.871 [main] INFO  com.globalsqa.bank.tests.CustomerLoginTests - Entered deposit amount: 100
2025-07-13 21:59:15.918 [main] INFO  com.globalsqa.bank.tests.CustomerLoginTests - Clicked Deposit submit button.
2025-07-13 21:59:15.941 [main] INFO  com.globalsqa.bank.tests.CustomerLoginTests - Deposit status message received: Deposit Successful
2025-07-13 21:59:15.941 [main] INFO  com.globalsqa.bank.tests.CustomerLoginTests - Deposit successful for customer Carmen Cormier
2025-07-13 21:59:15.956 [main] INFO  com.globalsqa.bank.tests.CustomerLoginTests - Current balance after deposit: 100
2025-07-13 21:59:15.957 [main] INFO  com.globalsqa.bank.tests.CustomerLoginTests - Finished test: testCustomerDeposit
2025-07-13 21:59:15.957 [main] INFO  com.globalsqa.bank.tests.CustomerLoginTests - Closing browser...
2025-07-13 21:59:16.093 [main] INFO  com.globalsqa.bank.tests.CustomerLoginTests - Test teardown complete.
2025-07-13 21:59:18.426 [main] INFO  com.globalsqa.bank.tests.CustomerLoginTests - Starting test: testCustomerDeposit for customer Hai Kohler
2025-07-13 21:59:18.585 [main] INFO  com.globalsqa.bank.tests.CustomerLoginTests - Entered deposit amount: 200
2025-07-13 21:59:18.635 [main] INFO  com.globalsqa.bank.tests.CustomerLoginTests - Clicked Deposit submit button.
2025-07-13 21:59:18.657 [main] INFO  com.globalsqa.bank.tests.CustomerLoginTests - Deposit status message received: Deposit Successful
2025-07-13 21:59:18.890 [main] INFO  com.globalsqa.bank.tests.CustomerLoginTests - Entered withdrawl amount: 50
2025-07-13 21:59:18.939 [main] INFO  com.globalsqa.bank.tests.CustomerLoginTests - Clicked Withdrawl submit button.
2025-07-13 21:59:18.956 [main] INFO  com.globalsqa.bank.tests.CustomerLoginTests - Withdrawl status message received: Transaction successful
2025-07-13 21:59:18.971 [main] INFO  com.globalsqa.bank.tests.CustomerLoginTests - Current balance after deposit: 150
2025-07-13 21:59:18.971 [main] INFO  com.globalsqa.bank.tests.CustomerLoginTests - Finished test: testCustomerDeposit
2025-07-13 21:59:18.973 [main] INFO  com.globalsqa.bank.tests.CustomerLoginTests - Closing browser...
2025-07-13 21:59:19.118 [main] INFO  com.globalsqa.bank.tests.CustomerLoginTests - Test teardown complete.
2025-07-13 21:59:21.401 [main] INFO  com.globalsqa.bank.tests.CustomerLoginTests - Starting test: testCustomerDeposit for customer Sid Olson
2025-07-13 21:59:21.579 [main] INFO  com.globalsqa.bank.tests.CustomerLoginTests - Entered deposit amount: 150
2025-07-13 21:59:21.633 [main] INFO  com.globalsqa.bank.tests.CustomerLoginTests - Clicked Deposit submit button.
2025-07-13 21:59:21.658 [main] INFO  com.globalsqa.bank.tests.CustomerLoginTests - Deposit status message received: Deposit Successful
2025-07-13 21:59:21.888 [main] INFO  com.globalsqa.bank.tests.CustomerLoginTests - Entered withdrawl amount: 50
2025-07-13 21:59:21.940 [main] INFO  com.globalsqa.bank.tests.CustomerLoginTests - Clicked Withdrawl submit button.
2025-07-13 21:59:24.971 [main] INFO  com.globalsqa.bank.tests.CustomerLoginTests - Withdrawl status message received: Transaction successful
2025-07-13 21:59:50.728 [main] INFO  com.globalsqa.bank.tests.CustomerLoginTests - Closing browser...
2025-07-13 21:59:50.880 [main] INFO  com.globalsqa.bank.tests.CustomerLoginTests - Test teardown complete.
2025-07-13 21:59:53.181 [main] INFO  com.globalsqa.bank.tests.CustomerLoginTests - Starting test: testCustomerDeposit for customer Ayesha Hodkiewicz
2025-07-13 21:59:53.350 [main] INFO  com.globalsqa.bank.tests.CustomerLoginTests - Entered deposit amount: 100
2025-07-13 21:59:53.402 [main] INFO  com.globalsqa.bank.tests.CustomerLoginTests - Clicked Deposit submit button.
2025-07-13 21:59:53.439 [main] INFO  com.globalsqa.bank.tests.CustomerLoginTests - Deposit status message received: Deposit Successful
2025-07-13 21:59:53.642 [main] INFO  com.globalsqa.bank.tests.CustomerLoginTests - Entered withdrawl amount: 20
2025-07-13 21:59:53.688 [main] INFO  com.globalsqa.bank.tests.CustomerLoginTests - Clicked Withdrawl submit button.
2025-07-13 21:59:53.716 [main] INFO  com.globalsqa.bank.tests.CustomerLoginTests - Withdrawl status message received: Transaction successful
2025-07-13 22:00:26.476 [main] INFO  com.globalsqa.bank.tests.CustomerLoginTests - Closing browser...
2025-07-13 22:00:26.613 [main] INFO  com.globalsqa.bank.tests.CustomerLoginTests - Test teardown complete.
2025-07-13 22:00:31.001 [main] INFO  com.globalsqa.bank.tests.ManagerTests - Closing browser...
2025-07-13 22:00:31.132 [main] INFO  com.globalsqa.bank.tests.ManagerTests - Test teardown complete.
2025-07-13 22:00:34.499 [main] INFO  com.globalsqa.bank.tests.ManagerTests - Closing browser...
2025-07-13 22:00:34.643 [main] INFO  com.globalsqa.bank.tests.ManagerTests - Test teardown complete.
2025-07-13 22:00:37.707 [main] INFO  com.globalsqa.bank.tests.ManagerTests - Closing browser...
2025-07-13 22:00:37.850 [main] INFO  com.globalsqa.bank.tests.ManagerTests - Test teardown complete.
2025-07-13 22:00:41.180 [main] INFO  com.globalsqa.bank.tests.ManagerTests - Closing browser...
2025-07-13 22:00:41.318 [main] INFO  com.globalsqa.bank.tests.ManagerTests - Test teardown complete.
2025-07-13 22:00:43.673 [main] INFO  com.globalsqa.bank.tests.ManagerTests - Closing browser...
2025-07-13 22:00:43.811 [main] INFO  com.globalsqa.bank.tests.ManagerTests - Test teardown complete.
2025-07-13 22:05:51.410 [main] INFO  com.globalsqa.bank.tests.ManagerTests - Closing browser...
2025-07-13 22:05:51.571 [main] INFO  com.globalsqa.bank.tests.ManagerTests - Test teardown complete.
2025-07-13 22:05:53.675 [main] INFO  com.globalsqa.bank.tests.ManagerTests - Closing browser...
2025-07-13 22:05:53.813 [main] INFO  com.globalsqa.bank.tests.ManagerTests - Test teardown complete.
2025-07-13 22:05:56.309 [main] INFO  com.globalsqa.bank.tests.ManagerTests - Closing browser...
2025-07-13 22:05:56.446 [main] INFO  com.globalsqa.bank.tests.ManagerTests - Test teardown complete.
2025-07-13 22:05:59.112 [main] INFO  com.globalsqa.bank.tests.ManagerTests - Closing browser...
2025-07-13 22:05:59.241 [main] INFO  com.globalsqa.bank.tests.ManagerTests - Test teardown complete.
2025-07-13 22:06:00.903 [main] INFO  com.globalsqa.bank.tests.ManagerTests - Closing browser...
2025-07-13 22:06:01.039 [main] INFO  com.globalsqa.bank.tests.ManagerTests - Test teardown complete.
2025-07-13 22:06:23.785 [TestNG-tests-1] INFO  com.globalsqa.bank.tests.CustomerLoginTests - Closing browser...
2025-07-13 22:06:23.935 [TestNG-tests-1] INFO  com.globalsqa.bank.tests.CustomerLoginTests - Test teardown complete.
2025-07-13 22:06:25.957 [TestNG-tests-2] INFO  com.globalsqa.bank.tests.ManagerTests - Closing browser...
2025-07-13 22:06:26.890 [TestNG-tests-2] INFO  com.globalsqa.bank.tests.ManagerTests - Test teardown complete.
2025-07-13 22:06:26.993 [TestNG-tests-1] INFO  com.globalsqa.bank.tests.CustomerLoginTests - Starting test: testCustomerDeposit for customer Jerome Lynch
2025-07-13 22:06:27.190 [TestNG-tests-1] INFO  com.globalsqa.bank.tests.CustomerLoginTests - Entered deposit amount: 100
2025-07-13 22:06:27.247 [TestNG-tests-1] INFO  com.globalsqa.bank.tests.CustomerLoginTests - Clicked Deposit submit button.
2025-07-13 22:06:27.270 [TestNG-tests-1] INFO  com.globalsqa.bank.tests.CustomerLoginTests - Deposit status message received: Deposit Successful
2025-07-13 22:06:27.270 [TestNG-tests-1] INFO  com.globalsqa.bank.tests.CustomerLoginTests - Deposit successful for customer Jerome Lynch
2025-07-13 22:06:27.288 [TestNG-tests-1] INFO  com.globalsqa.bank.tests.CustomerLoginTests - Current balance after deposit: 100
2025-07-13 22:06:27.288 [TestNG-tests-1] INFO  com.globalsqa.bank.tests.CustomerLoginTests - Finished test: testCustomerDeposit
2025-07-13 22:06:27.288 [TestNG-tests-1] INFO  com.globalsqa.bank.tests.CustomerLoginTests - Closing browser...
2025-07-13 22:06:27.431 [TestNG-tests-1] INFO  com.globalsqa.bank.tests.CustomerLoginTests - Test teardown complete.
2025-07-13 22:06:30.398 [TestNG-tests-1] INFO  com.globalsqa.bank.tests.CustomerLoginTests - Starting test: testCustomerDeposit for customer Belia Barrows
2025-07-13 22:06:30.630 [TestNG-tests-1] INFO  com.globalsqa.bank.tests.CustomerLoginTests - Entered deposit amount: 200
2025-07-13 22:06:30.726 [TestNG-tests-1] INFO  com.globalsqa.bank.tests.CustomerLoginTests - Clicked Deposit submit button.
2025-07-13 22:06:30.776 [TestNG-tests-1] INFO  com.globalsqa.bank.tests.CustomerLoginTests - Deposit status message received: Deposit Successful
2025-07-13 22:06:31.102 [TestNG-tests-1] INFO  com.globalsqa.bank.tests.CustomerLoginTests - Entered withdrawl amount: 50
2025-07-13 22:06:31.176 [TestNG-tests-1] INFO  com.globalsqa.bank.tests.CustomerLoginTests - Clicked Withdrawl submit button.
2025-07-13 22:06:31.199 [TestNG-tests-1] INFO  com.globalsqa.bank.tests.CustomerLoginTests - Withdrawl status message received: Transaction successful
2025-07-13 22:06:31.222 [TestNG-tests-1] INFO  com.globalsqa.bank.tests.CustomerLoginTests - Current balance after deposit: 150
2025-07-13 22:06:31.222 [TestNG-tests-1] INFO  com.globalsqa.bank.tests.CustomerLoginTests - Finished test: testCustomerDeposit
2025-07-13 22:06:31.222 [TestNG-tests-1] INFO  com.globalsqa.bank.tests.CustomerLoginTests - Closing browser...
2025-07-13 22:06:31.345 [TestNG-tests-1] INFO  com.globalsqa.bank.tests.CustomerLoginTests - Test teardown complete.
2025-07-13 22:06:32.475 [TestNG-tests-2] INFO  com.globalsqa.bank.tests.ManagerTests - Closing browser...
2025-07-13 22:06:33.616 [TestNG-tests-2] INFO  com.globalsqa.bank.tests.ManagerTests - Test teardown complete.
2025-07-13 22:06:33.945 [TestNG-tests-1] INFO  com.globalsqa.bank.tests.CustomerLoginTests - Starting test: testCustomerDeposit for customer Carin Murphy
2025-07-13 22:06:34.139 [TestNG-tests-1] INFO  com.globalsqa.bank.tests.CustomerLoginTests - Entered deposit amount: 150
2025-07-13 22:06:34.197 [TestNG-tests-1] INFO  com.globalsqa.bank.tests.CustomerLoginTests - Clicked Deposit submit button.
2025-07-13 22:06:34.221 [TestNG-tests-1] INFO  com.globalsqa.bank.tests.CustomerLoginTests - Deposit status message received: Deposit Successful
2025-07-13 22:06:34.482 [TestNG-tests-1] INFO  com.globalsqa.bank.tests.CustomerLoginTests - Entered withdrawl amount: 50
2025-07-13 22:06:34.570 [TestNG-tests-1] INFO  com.globalsqa.bank.tests.CustomerLoginTests - Clicked Withdrawl submit button.
2025-07-13 22:06:37.618 [TestNG-tests-1] INFO  com.globalsqa.bank.tests.CustomerLoginTests - Withdrawl status message received: Transaction successful
2025-07-13 22:06:38.193 [TestNG-tests-2] INFO  com.globalsqa.bank.tests.ManagerTests - Closing browser...
2025-07-13 22:06:38.952 [TestNG-tests-2] INFO  com.globalsqa.bank.tests.ManagerTests - Test teardown complete.
2025-07-13 22:06:43.664 [TestNG-tests-2] INFO  com.globalsqa.bank.tests.ManagerTests - Closing browser...
2025-07-13 22:06:44.413 [TestNG-tests-2] INFO  com.globalsqa.bank.tests.ManagerTests - Test teardown complete.
2025-07-13 22:06:48.190 [TestNG-tests-2] INFO  com.globalsqa.bank.tests.ManagerTests - Closing browser...
2025-07-13 22:06:49.022 [TestNG-tests-2] INFO  com.globalsqa.bank.tests.ManagerTests - Test teardown complete.
2025-07-13 22:06:54.046 [TestNG-tests-2] INFO  com.globalsqa.bank.tests.CustomerLoginTests - Closing browser...
2025-07-13 22:06:54.785 [TestNG-tests-2] INFO  com.globalsqa.bank.tests.CustomerLoginTests - Test teardown complete.
2025-07-13 22:06:59.390 [TestNG-tests-2] INFO  com.globalsqa.bank.tests.CustomerLoginTests - Starting test: testCustomerDeposit for customer Buck Kreiger
2025-07-13 22:06:59.682 [TestNG-tests-2] INFO  com.globalsqa.bank.tests.CustomerLoginTests - Entered deposit amount: 100
2025-07-13 22:06:59.899 [TestNG-tests-2] INFO  com.globalsqa.bank.tests.CustomerLoginTests - Clicked Deposit submit button.
2025-07-13 22:06:59.918 [TestNG-tests-2] INFO  com.globalsqa.bank.tests.CustomerLoginTests - Deposit status message received: Deposit Successful
2025-07-13 22:06:59.918 [TestNG-tests-2] INFO  com.globalsqa.bank.tests.CustomerLoginTests - Deposit successful for customer Buck Kreiger
2025-07-13 22:06:59.932 [TestNG-tests-2] INFO  com.globalsqa.bank.tests.CustomerLoginTests - Current balance after deposit: 100
2025-07-13 22:06:59.932 [TestNG-tests-2] INFO  com.globalsqa.bank.tests.CustomerLoginTests - Finished test: testCustomerDeposit
2025-07-13 22:06:59.933 [TestNG-tests-2] INFO  com.globalsqa.bank.tests.CustomerLoginTests - Closing browser...
2025-07-13 22:07:00.692 [TestNG-tests-2] INFO  com.globalsqa.bank.tests.CustomerLoginTests - Test teardown complete.
2025-07-13 22:07:03.299 [TestNG-tests-1] INFO  com.globalsqa.bank.tests.CustomerLoginTests - Closing browser...
2025-07-13 22:07:03.552 [TestNG-tests-1] INFO  com.globalsqa.bank.tests.CustomerLoginTests - Test teardown complete.
2025-07-13 22:07:05.996 [TestNG-tests-2] INFO  com.globalsqa.bank.tests.CustomerLoginTests - Starting test: testCustomerDeposit for customer Annika Parker
2025-07-13 22:07:06.102 [TestNG-tests-1] INFO  com.globalsqa.bank.tests.CustomerLoginTests - Starting test: testCustomerDeposit for customer Lynn Runolfsdottir
2025-07-13 22:07:06.251 [TestNG-tests-2] INFO  com.globalsqa.bank.tests.CustomerLoginTests - Entered deposit amount: 200
2025-07-13 22:07:06.324 [TestNG-tests-1] INFO  com.globalsqa.bank.tests.CustomerLoginTests - Entered deposit amount: 150
2025-07-13 22:07:06.392 [TestNG-tests-1] INFO  com.globalsqa.bank.tests.CustomerLoginTests - Clicked Deposit submit button.
2025-07-13 22:07:06.423 [TestNG-tests-1] INFO  com.globalsqa.bank.tests.CustomerLoginTests - Deposit status message received: Deposit Successful
2025-07-13 22:07:06.505 [TestNG-tests-2] INFO  com.globalsqa.bank.tests.CustomerLoginTests - Clicked Deposit submit button.
2025-07-13 22:07:06.527 [TestNG-tests-2] INFO  com.globalsqa.bank.tests.CustomerLoginTests - Deposit status message received: Deposit Successful
2025-07-13 22:07:06.656 [TestNG-tests-1] INFO  com.globalsqa.bank.tests.CustomerLoginTests - Entered withdrawl amount: 50
2025-07-13 22:07:06.706 [TestNG-tests-1] INFO  com.globalsqa.bank.tests.CustomerLoginTests - Clicked Withdrawl submit button.
2025-07-13 22:07:06.910 [TestNG-tests-2] INFO  com.globalsqa.bank.tests.CustomerLoginTests - Entered withdrawl amount: 50
2025-07-13 22:07:07.144 [TestNG-tests-2] INFO  com.globalsqa.bank.tests.CustomerLoginTests - Clicked Withdrawl submit button.
2025-07-13 22:07:07.161 [TestNG-tests-2] INFO  com.globalsqa.bank.tests.CustomerLoginTests - Withdrawl status message received: Transaction successful
2025-07-13 22:07:07.179 [TestNG-tests-2] INFO  com.globalsqa.bank.tests.CustomerLoginTests - Current balance after deposit: 150
2025-07-13 22:07:07.179 [TestNG-tests-2] INFO  com.globalsqa.bank.tests.CustomerLoginTests - Finished test: testCustomerDeposit
2025-07-13 22:07:07.180 [TestNG-tests-2] INFO  com.globalsqa.bank.tests.CustomerLoginTests - Closing browser...
2025-07-13 22:07:08.082 [TestNG-tests-2] INFO  com.globalsqa.bank.tests.CustomerLoginTests - Test teardown complete.
2025-07-13 22:07:09.728 [TestNG-tests-1] INFO  com.globalsqa.bank.tests.CustomerLoginTests - Withdrawl status message received: Transaction successful
2025-07-13 22:07:13.492 [TestNG-tests-2] INFO  com.globalsqa.bank.tests.CustomerLoginTests - Starting test: testCustomerDeposit for customer Larita Hegmann
2025-07-13 22:07:13.737 [TestNG-tests-2] INFO  com.globalsqa.bank.tests.CustomerLoginTests - Entered deposit amount: 150
2025-07-13 22:07:13.974 [TestNG-tests-2] INFO  com.globalsqa.bank.tests.CustomerLoginTests - Clicked Deposit submit button.
2025-07-13 22:07:13.989 [TestNG-tests-2] INFO  com.globalsqa.bank.tests.CustomerLoginTests - Deposit status message received: Deposit Successful
2025-07-13 22:07:14.363 [TestNG-tests-2] INFO  com.globalsqa.bank.tests.CustomerLoginTests - Entered withdrawl amount: 50
2025-07-13 22:07:14.603 [TestNG-tests-2] INFO  com.globalsqa.bank.tests.CustomerLoginTests - Clicked Withdrawl submit button.
2025-07-13 22:07:17.629 [TestNG-tests-2] INFO  com.globalsqa.bank.tests.CustomerLoginTests - Withdrawl status message received: Transaction successful
2025-07-13 22:07:22.837 [TestNG-tests-2] INFO  com.globalsqa.bank.tests.CustomerLoginTests - Finished test: testCustomerDeposit
2025-07-13 22:07:22.838 [TestNG-tests-2] INFO  com.globalsqa.bank.tests.CustomerLoginTests - Closing browser...
2025-07-13 22:07:23.821 [TestNG-tests-2] INFO  com.globalsqa.bank.tests.CustomerLoginTests - Test teardown complete.
2025-07-13 22:07:29.342 [TestNG-tests-2] INFO  com.globalsqa.bank.tests.CustomerLoginTests - Starting test: testCustomerDeposit for customer Rickie Hills
2025-07-13 22:07:29.585 [TestNG-tests-2] INFO  com.globalsqa.bank.tests.CustomerLoginTests - Entered deposit amount: 100
2025-07-13 22:07:29.810 [TestNG-tests-2] INFO  com.globalsqa.bank.tests.CustomerLoginTests - Clicked Deposit submit button.
2025-07-13 22:07:29.837 [TestNG-tests-2] INFO  com.globalsqa.bank.tests.CustomerLoginTests - Deposit status message received: Deposit Successful
2025-07-13 22:07:30.196 [TestNG-tests-2] INFO  com.globalsqa.bank.tests.CustomerLoginTests - Entered withdrawl amount: 20
2025-07-13 22:07:30.430 [TestNG-tests-2] INFO  com.globalsqa.bank.tests.CustomerLoginTests - Clicked Withdrawl submit button.
2025-07-13 22:07:30.456 [TestNG-tests-2] INFO  com.globalsqa.bank.tests.CustomerLoginTests - Withdrawl status message received: Transaction successful
2025-07-13 22:07:35.448 [TestNG-tests-1] INFO  com.globalsqa.bank.tests.CustomerLoginTests - Closing browser...
2025-07-13 22:07:35.612 [TestNG-tests-1] INFO  com.globalsqa.bank.tests.CustomerLoginTests - Test teardown complete.
2025-07-13 22:07:37.879 [TestNG-tests-1] INFO  com.globalsqa.bank.tests.CustomerLoginTests - Starting test: testCustomerDeposit for customer Grover Pagac
2025-07-13 22:07:38.050 [TestNG-tests-1] INFO  com.globalsqa.bank.tests.CustomerLoginTests - Entered deposit amount: 150
2025-07-13 22:07:38.103 [TestNG-tests-1] INFO  com.globalsqa.bank.tests.CustomerLoginTests - Clicked Deposit submit button.
2025-07-13 22:07:38.123 [TestNG-tests-1] INFO  com.globalsqa.bank.tests.CustomerLoginTests - Deposit status message received: Deposit Successful
2025-07-13 22:07:38.330 [TestNG-tests-1] INFO  com.globalsqa.bank.tests.CustomerLoginTests - Entered withdrawl amount: 50
2025-07-13 22:07:38.376 [TestNG-tests-1] INFO  com.globalsqa.bank.tests.CustomerLoginTests - Clicked Withdrawl submit button.
2025-07-13 22:07:41.406 [TestNG-tests-1] INFO  com.globalsqa.bank.tests.CustomerLoginTests - Withdrawl status message received: Transaction successful
2025-07-13 22:08:07.150 [TestNG-tests-1] INFO  com.globalsqa.bank.tests.CustomerLoginTests - Closing browser...
2025-07-13 22:08:07.307 [TestNG-tests-1] INFO  com.globalsqa.bank.tests.CustomerLoginTests - Test teardown complete.
2025-07-13 22:08:09.651 [TestNG-tests-1] INFO  com.globalsqa.bank.tests.CustomerLoginTests - Starting test: testCustomerDeposit for customer Cortez Kub
2025-07-13 22:08:09.797 [TestNG-tests-1] INFO  com.globalsqa.bank.tests.CustomerLoginTests - Entered deposit amount: 150
2025-07-13 22:08:09.839 [TestNG-tests-1] INFO  com.globalsqa.bank.tests.CustomerLoginTests - Clicked Deposit submit button.
2025-07-13 22:08:09.861 [TestNG-tests-1] INFO  com.globalsqa.bank.tests.CustomerLoginTests - Deposit status message received: Deposit Successful
2025-07-13 22:08:10.089 [TestNG-tests-1] INFO  com.globalsqa.bank.tests.CustomerLoginTests - Entered withdrawl amount: 50
2025-07-13 22:08:10.122 [TestNG-tests-1] INFO  com.globalsqa.bank.tests.CustomerLoginTests - Clicked Withdrawl submit button.
2025-07-13 22:08:12.953 [TestNG-tests-2] INFO  com.globalsqa.bank.tests.CustomerLoginTests - Finished test: testCustomerDeposit
2025-07-13 22:08:12.953 [TestNG-tests-2] INFO  com.globalsqa.bank.tests.CustomerLoginTests - Closing browser...
2025-07-13 22:08:13.151 [TestNG-tests-1] INFO  com.globalsqa.bank.tests.CustomerLoginTests - Withdrawl status message received: Transaction successful
2025-07-13 22:08:13.594 [TestNG-tests-2] INFO  com.globalsqa.bank.tests.CustomerLoginTests - Test teardown complete.
2025-07-13 22:08:18.483 [TestNG-tests-1] INFO  com.globalsqa.bank.tests.CustomerLoginTests - Finished test: testCustomerDeposit
2025-07-13 22:08:18.483 [TestNG-tests-1] INFO  com.globalsqa.bank.tests.CustomerLoginTests - Closing browser...
2025-07-13 22:08:18.636 [TestNG-tests-1] INFO  com.globalsqa.bank.tests.CustomerLoginTests - Test teardown complete.
2025-07-13 22:08:20.881 [TestNG-tests-1] INFO  com.globalsqa.bank.tests.CustomerLoginTests - Starting test: testCustomerDeposit for customer Katheryn Bechtelar
2025-07-13 22:08:21.036 [TestNG-tests-1] INFO  com.globalsqa.bank.tests.CustomerLoginTests - Entered deposit amount: 100
2025-07-13 22:08:21.083 [TestNG-tests-1] INFO  com.globalsqa.bank.tests.CustomerLoginTests - Clicked Deposit submit button.
2025-07-13 22:08:21.116 [TestNG-tests-1] INFO  com.globalsqa.bank.tests.CustomerLoginTests - Deposit status message received: Deposit Successful
2025-07-13 22:08:21.338 [TestNG-tests-1] INFO  com.globalsqa.bank.tests.CustomerLoginTests - Entered withdrawl amount: 20
2025-07-13 22:08:21.383 [TestNG-tests-1] INFO  com.globalsqa.bank.tests.CustomerLoginTests - Clicked Withdrawl submit button.
2025-07-13 22:08:21.416 [TestNG-tests-1] INFO  com.globalsqa.bank.tests.CustomerLoginTests - Withdrawl status message received: Transaction successful
2025-07-13 22:08:54.168 [TestNG-tests-1] INFO  com.globalsqa.bank.tests.CustomerLoginTests - Closing browser...
2025-07-13 22:08:54.316 [TestNG-tests-1] INFO  com.globalsqa.bank.tests.CustomerLoginTests - Test teardown complete.
2025-07-13 22:08:56.501 [TestNG-tests-1] INFO  com.globalsqa.bank.tests.CustomerLoginTests - Starting test: testCustomerDeposit for customer Dwain Grimes
2025-07-13 22:08:56.669 [TestNG-tests-1] INFO  com.globalsqa.bank.tests.CustomerLoginTests - Entered deposit amount: 100
2025-07-13 22:08:56.716 [TestNG-tests-1] INFO  com.globalsqa.bank.tests.CustomerLoginTests - Clicked Deposit submit button.
2025-07-13 22:08:56.749 [TestNG-tests-1] INFO  com.globalsqa.bank.tests.CustomerLoginTests - Deposit status message received: Deposit Successful
2025-07-13 22:08:56.949 [TestNG-tests-1] INFO  com.globalsqa.bank.tests.CustomerLoginTests - Entered withdrawl amount: 20
2025-07-13 22:08:56.985 [TestNG-tests-1] INFO  com.globalsqa.bank.tests.CustomerLoginTests - Clicked Withdrawl submit button.
2025-07-13 22:08:57.017 [TestNG-tests-1] INFO  com.globalsqa.bank.tests.CustomerLoginTests - Withdrawl status message received: Transaction successful
2025-07-13 22:09:29.786 [TestNG-tests-1] INFO  com.globalsqa.bank.tests.CustomerLoginTests - Closing browser...
2025-07-13 22:09:29.958 [TestNG-tests-1] INFO  com.globalsqa.bank.tests.CustomerLoginTests - Test teardown complete.
2025-07-13 22:09:32.117 [TestNG-tests-1] INFO  com.globalsqa.bank.tests.CustomerLoginTests - Starting test: testCustomerDeposit for customer Somer Dach
2025-07-13 22:09:32.349 [TestNG-tests-1] INFO  com.globalsqa.bank.tests.CustomerLoginTests - Entered deposit amount: 100
2025-07-13 22:09:32.382 [TestNG-tests-1] INFO  com.globalsqa.bank.tests.CustomerLoginTests - Clicked Deposit submit button.
2025-07-13 22:09:32.415 [TestNG-tests-1] INFO  com.globalsqa.bank.tests.CustomerLoginTests - Deposit status message received: Deposit Successful
2025-07-13 22:09:32.638 [TestNG-tests-1] INFO  com.globalsqa.bank.tests.CustomerLoginTests - Entered withdrawl amount: 20
2025-07-13 22:09:32.685 [TestNG-tests-1] INFO  com.globalsqa.bank.tests.CustomerLoginTests - Clicked Withdrawl submit button.
2025-07-13 22:09:32.699 [TestNG-tests-1] INFO  com.globalsqa.bank.tests.CustomerLoginTests - Withdrawl status message received: Transaction successful
2025-07-13 22:10:05.407 [TestNG-tests-1] INFO  com.globalsqa.bank.tests.CustomerLoginTests - Closing browser...
2025-07-13 22:10:05.549 [TestNG-tests-1] INFO  com.globalsqa.bank.tests.CustomerLoginTests - Test teardown complete.
2025-07-13 22:10:07.882 [TestNG-tests-1] INFO  com.globalsqa.bank.tests.CustomerLoginTests - Starting test: testCustomerDeposit for customer Colene Kunde
2025-07-13 22:10:08.033 [TestNG-tests-1] INFO  com.globalsqa.bank.tests.CustomerLoginTests - Entered deposit amount: 100
2025-07-13 22:10:08.076 [TestNG-tests-1] INFO  com.globalsqa.bank.tests.CustomerLoginTests - Clicked Deposit submit button.
2025-07-13 22:10:08.098 [TestNG-tests-1] INFO  com.globalsqa.bank.tests.CustomerLoginTests - Deposit status message received: Deposit Successful
2025-07-13 22:10:08.317 [TestNG-tests-1] INFO  com.globalsqa.bank.tests.CustomerLoginTests - Entered withdrawl amount: 20
2025-07-13 22:10:08.348 [TestNG-tests-1] INFO  com.globalsqa.bank.tests.CustomerLoginTests - Clicked Withdrawl submit button.
2025-07-13 22:10:08.381 [TestNG-tests-1] INFO  com.globalsqa.bank.tests.CustomerLoginTests - Withdrawl status message received: Transaction successful
2025-07-13 22:10:41.154 [TestNG-tests-1] INFO  com.globalsqa.bank.tests.CustomerLoginTests - Closing browser...
2025-07-13 22:10:41.298 [TestNG-tests-1] INFO  com.globalsqa.bank.tests.CustomerLoginTests - Test teardown complete.
